[ 26%] Built target gtest_main
[ 26%] Built target gtest
[ 33%] [32mBuilding CXX object CMakeFiles/armor_detector.dir/src/detector_node.cpp.o[0m
[ 46%] Built target armor_detector_node
[01m[K/home/mechax/zyb/mechax_cv_trajectory/src/rm_auto_aim/armor_detector/src/detector_node.cpp:[m[K In constructor â€˜[01m[Krm_auto_aim::ArmorDetectorNode::ArmorDetectorNode(const rclcpp::NodeOptions&)[m[Kâ€™:
[01m[K/home/mechax/zyb/mechax_cv_trajectory/src/rm_auto_aim/armor_detector/src/detector_node.cpp:64:41:[m[K [01;31m[Kerror: [m[Kâ€˜[01m[Kcamera_info_[m[Kâ€™ was not declared in this scope; did you mean â€˜[01m[Kcamera_info[m[Kâ€™?
   64 |   std::array<double, 9> camera_matrix = [01;31m[Kcamera_info_[m[K->k;
      |                                         [01;31m[K^~~~~~~~~~~~[m[K
      |                                         [32m[Kcamera_info[m[K
gmake[2]: *** [CMakeFiles/armor_detector.dir/build.make:90: CMakeFiles/armor_detector.dir/src/detector_node.cpp.o] Error 1
gmake[1]: *** [CMakeFiles/Makefile2:161: CMakeFiles/armor_detector.dir/all] Error 2
gmake: *** [Makefile:146: all] Error 2
