[35m[1mConsolidate compiler generated dependencies of target armor_detector[0m
[ 13%] Built target gtest_main
[ 26%] Built target armor_detector_node
[ 40%] Built target gtest
[ 46%] [32mBuilding CXX object CMakeFiles/armor_detector.dir/src/detector_node.cpp.o[0m
[01m[K/home/mechax/zyb/mechax_cv_trajectory/src/rm_auto_aim/armor_detector/src/detector_node.cpp:[m[K In member function â€˜[01m[Kstd::vector<rm_auto_aim::Armor> rm_auto_aim::ArmorDetectorNode::detectArmors(const ConstSharedPtr&)[m[Kâ€™:
[01m[K/home/mechax/zyb/mechax_cv_trajectory/src/rm_auto_aim/armor_detector/src/detector_node.cpp:248:5:[m[K [01;31m[Kerror: [m[Kâ€˜[01m[KPoint2f[m[Kâ€™ was not declared in this scope; did you mean â€˜[01m[Kcv::Point2f[m[Kâ€™?
  248 |     [01;31m[KPoint2f[m[K need_armor_center = Point2f(320, 240);
      |     [01;31m[K^~~~~~~[m[K
      |     [32m[Kcv::Point2f[m[K
In file included from [01m[K/usr/local/include/opencv4/opencv2/core.hpp:57[m[K,
                 from [01m[K/usr/local/include/opencv4/opencv2/core/core.hpp:48[m[K,
                 from [01m[K/opt/ros/humble/include/cv_bridge/cv_bridge/cv_bridge.h:43[m[K,
                 from [01m[K/home/mechax/zyb/mechax_cv_trajectory/src/rm_auto_aim/armor_detector/src/detector_node.cpp:4[m[K:
[01m[K/usr/local/include/opencv4/opencv2/core/types.hpp:207:23:[m[K [01;36m[Knote: [m[Kâ€˜[01m[Kcv::Point2f[m[Kâ€™ declared here
  207 | typedef Point_<float> [01;36m[KPoint2f[m[K;
      |                       [01;36m[K^~~~~~~[m[K
[01m[K/home/mechax/zyb/mechax_cv_trajectory/src/rm_auto_aim/armor_detector/src/detector_node.cpp:249:21:[m[K [01;31m[Kerror: [m[Kâ€˜[01m[Kneed_armor_center[m[Kâ€™ was not declared in this scope
  249 |     cv::circle(img, [01;31m[Kneed_armor_center[m[K, 5, cv::Scalar(0, 0, 255), 2);
      |                     [01;31m[K^~~~~~~~~~~~~~~~~[m[K
gmake[2]: *** [CMakeFiles/armor_detector.dir/build.make:90: CMakeFiles/armor_detector.dir/src/detector_node.cpp.o] Error 1
gmake[1]: *** [CMakeFiles/Makefile2:161: CMakeFiles/armor_detector.dir/all] Error 2
gmake: *** [Makefile:146: all] Error 2
