[0.145s] Invoking command in '/home/mechax/zyb/mechax_cv_trajectory/build/armor_detector': CMAKE_PREFIX_PATH=/home/mechax/zyb/mechax_cv_trajectory/install/auto_aim_interfaces:/home/mechax/zyb/mechax_cv_trajectory/install/rm_vision_bringup:/home/mechax/zyb/mechax_cv_trajectory/install/rm_serial_driver:/home/mechax/zyb/mechax_cv_trajectory/install/rm_gimbal_description:/home/mechax/zyb/mechax_cv_trajectory/install/rm_auto_aim:/home/mechax/zyb/mechax_cv_trajectory/install/mindvision_camera:/home/mechax/zyb/mechax_cv_trajectory/install/mechax_trajectory:/home/mechax/zyb/mechax_cv_trajectory/install/armor_tracker:/home/mechax/zyb/mechax_cv_trajectory/install/armor_detector:/home/mechax/ws_livox/install/livox_ros2_driver:/home/mechax/ws_livox/install/livox_sdk_vendor:/home/mechax/ws_livox/install/livox_interfaces:/home/mechax/zyb/mechax_cv_trajectory/install/my_package:/opt/ros/humble LD_LIBRARY_PATH=/home/mechax/zyb/mechax_cv_trajectory/install/auto_aim_interfaces/lib:/home/mechax/zyb/mechax_cv_trajectory/install/rm_serial_driver/lib:/home/mechax/zyb/mechax_cv_trajectory/install/mindvision_camera/lib:/home/mechax/zyb/mechax_cv_trajectory/install/armor_tracker/lib:/home/mechax/zyb/mechax_cv_trajectory/install/armor_detector/lib:/home/mechax/ws_livox/install/livox_ros2_driver/lib:/home/mechax/ws_livox/install/livox_interfaces/lib:/usr/lib/x86_64-linux-gnu/gazebo-11/plugins:/opt/ros/humble/opt/rviz_ogre_vendor/lib:/opt/ros/humble/lib/x86_64-linux-gnu:/opt/ros/humble/lib /usr/bin/cmake --build /home/mechax/zyb/mechax_cv_trajectory/build/armor_detector -- -j16 -l16
[0.182s] [35m[1mConsolidate compiler generated dependencies of target armor_detector[0m
[0.197s] [ 13%] Built target gtest_main
[0.198s] [ 40%] Built target armor_detector_node
[0.198s] [ 40%] Built target gtest
[0.211s] [ 46%] [32mBuilding CXX object CMakeFiles/armor_detector.dir/src/detector_node.cpp.o[0m
[1.277s] gmake[2]: *** [CMakeFiles/armor_detector.dir/build.make:90: CMakeFiles/armor_detector.dir/src/detector_node.cpp.o] Interrupt
[1.277s] gmake[1]: *** [CMakeFiles/Makefile2:161: CMakeFiles/armor_detector.dir/all] Interrupt
[1.277s] gmake: *** [Makefile:146: all] Interrupt
[1.284s] Invoked command in '/home/mechax/zyb/mechax_cv_trajectory/build/armor_detector' returned '-2': CMAKE_PREFIX_PATH=/home/mechax/zyb/mechax_cv_trajectory/install/auto_aim_interfaces:/home/mechax/zyb/mechax_cv_trajectory/install/rm_vision_bringup:/home/mechax/zyb/mechax_cv_trajectory/install/rm_serial_driver:/home/mechax/zyb/mechax_cv_trajectory/install/rm_gimbal_description:/home/mechax/zyb/mechax_cv_trajectory/install/rm_auto_aim:/home/mechax/zyb/mechax_cv_trajectory/install/mindvision_camera:/home/mechax/zyb/mechax_cv_trajectory/install/mechax_trajectory:/home/mechax/zyb/mechax_cv_trajectory/install/armor_tracker:/home/mechax/zyb/mechax_cv_trajectory/install/armor_detector:/home/mechax/ws_livox/install/livox_ros2_driver:/home/mechax/ws_livox/install/livox_sdk_vendor:/home/mechax/ws_livox/install/livox_interfaces:/home/mechax/zyb/mechax_cv_trajectory/install/my_package:/opt/ros/humble LD_LIBRARY_PATH=/home/mechax/zyb/mechax_cv_trajectory/install/auto_aim_interfaces/lib:/home/mechax/zyb/mechax_cv_trajectory/install/rm_serial_driver/lib:/home/mechax/zyb/mechax_cv_trajectory/install/mindvision_camera/lib:/home/mechax/zyb/mechax_cv_trajectory/install/armor_tracker/lib:/home/mechax/zyb/mechax_cv_trajectory/install/armor_detector/lib:/home/mechax/ws_livox/install/livox_ros2_driver/lib:/home/mechax/ws_livox/install/livox_interfaces/lib:/usr/lib/x86_64-linux-gnu/gazebo-11/plugins:/opt/ros/humble/opt/rviz_ogre_vendor/lib:/opt/ros/humble/lib/x86_64-linux-gnu:/opt/ros/humble/lib /usr/bin/cmake --build /home/mechax/zyb/mechax_cv_trajectory/build/armor_detector -- -j16 -l16
