[01m[K/home/mechax/zyb/mechax_cv_trajectory/src/rm_auto_aim/armor_detector/src/detector_node.cpp:[m[K In constructor â€˜[01m[Krm_auto_aim::ArmorDetectorNode::ArmorDetectorNode(const rclcpp::NodeOptions&)[m[Kâ€™:
[01m[K/home/mechax/zyb/mechax_cv_trajectory/src/rm_auto_aim/armor_detector/src/detector_node.cpp:65:41:[m[K [01;31m[Kerror: [m[Kâ€˜[01m[Kcam_info[m[Kâ€™ was not declared in this scope; did you mean â€˜[01m[Kcam_info_[m[Kâ€™?
   65 |   std::array<double, 9> camera_matrix = [01;31m[Kcam_info[m[K->k;
      |                                         [01;31m[K^~~~~~~~[m[K
      |                                         [32m[Kcam_info_[m[K
[01m[K/home/mechax/zyb/mechax_cv_trajectory/src/rm_auto_aim/armor_detector/src/detector_node.cpp:[m[K At global scope:
[01m[K/home/mechax/zyb/mechax_cv_trajectory/src/rm_auto_aim/armor_detector/src/detector_node.cpp:187:17:[m[K [01;31m[Kerror: [m[Kâ€˜[01m[KDetector[m[Kâ€™ was not declared in this scope; did you mean â€˜[01m[Krm_auto_aim::Detector[m[Kâ€™?
  187 | std::unique_ptr<[01;31m[KDetector[m[K> ArmorDetectorNode::initDetector()
      |                 [01;31m[K^~~~~~~~[m[K
      |                 [32m[Krm_auto_aim::Detector[m[K
In file included from [01m[K/home/mechax/zyb/mechax_cv_trajectory/src/rm_auto_aim/armor_detector/include/armor_detector/detector_node.hpp:22[m[K,
                 from [01m[K/home/mechax/zyb/mechax_cv_trajectory/src/rm_auto_aim/armor_detector/src/detector_node.cpp:27[m[K:
[01m[K/home/mechax/zyb/mechax_cv_trajectory/src/rm_auto_aim/armor_detector/include/armor_detector/detector.hpp:23:7:[m[K [01;36m[Knote: [m[Kâ€˜[01m[Krm_auto_aim::Detector[m[Kâ€™ declared here
   23 | class [01;36m[KDetector[m[K
      |       [01;36m[K^~~~~~~~[m[K
[01m[K/home/mechax/zyb/mechax_cv_trajectory/src/rm_auto_aim/armor_detector/src/detector_node.cpp:187:25:[m[K [01;31m[Kerror: [m[Ktemplate argument 1 is invalid
  187 | std::unique_ptr<Detector[01;31m[K>[m[K ArmorDetectorNode::initDetector()
      |                         [01;31m[K^[m[K
[01m[K/home/mechax/zyb/mechax_cv_trajectory/src/rm_auto_aim/armor_detector/src/detector_node.cpp:187:25:[m[K [01;31m[Kerror: [m[Ktemplate argument 2 is invalid
[01m[K/home/mechax/zyb/mechax_cv_trajectory/src/rm_auto_aim/armor_detector/src/detector_node.cpp:187:27:[m[K [01;31m[Kerror: [m[Kâ€˜[01m[KArmorDetectorNode[m[Kâ€™ has not been declared
  187 | std::unique_ptr<Detector> [01;31m[KArmorDetectorNode[m[K::initDetector()
      |                           [01;31m[K^~~~~~~~~~~~~~~~~[m[K
[01m[K/home/mechax/zyb/mechax_cv_trajectory/src/rm_auto_aim/armor_detector/src/detector_node.cpp:[m[K In function â€˜[01m[Kint initDetector()[m[Kâ€™:
[01m[K/home/mechax/zyb/mechax_cv_trajectory/src/rm_auto_aim/armor_detector/src/detector_node.cpp:194:22:[m[K [01;31m[Kerror: [m[Kâ€˜[01m[Kdeclare_parameter[m[Kâ€™ was not declared in this scope
  194 |   int binary_thres = [01;31m[Kdeclare_parameter[m[K("binary_thres", 160, param_desc);
      |                      [01;31m[K^~~~~~~~~~~~~~~~~[m[K
[01m[K/home/mechax/zyb/mechax_cv_trajectory/src/rm_auto_aim/armor_detector/src/detector_node.cpp:199:57:[m[K [01;31m[Kerror: [m[Kâ€˜[01m[KRED[m[Kâ€™ was not declared in this scope; did you mean â€˜[01m[Krm_auto_aim::RED[m[Kâ€™?
  199 |   auto detect_color = declare_parameter("detect_color", [01;31m[KRED[m[K, param_desc);
      |                                                         [01;31m[K^~~[m[K
      |                                                         [32m[Krm_auto_aim::RED[m[K
In file included from [01m[K/home/mechax/zyb/mechax_cv_trajectory/src/rm_auto_aim/armor_detector/src/detector_node.cpp:26[m[K:
[01m[K/home/mechax/zyb/mechax_cv_trajectory/src/rm_auto_aim/armor_detector/include/armor_detector/armor.hpp:15:11:[m[K [01;36m[Knote: [m[Kâ€˜[01m[Krm_auto_aim::RED[m[Kâ€™ declared here
   15 | const int [01;36m[KRED[m[K = 0;
      |           [01;36m[K^~~[m[K
[01m[K/home/mechax/zyb/mechax_cv_trajectory/src/rm_auto_aim/armor_detector/src/detector_node.cpp:201:3:[m[K [01;31m[Kerror: [m[Kâ€˜[01m[KDetector[m[Kâ€™ has not been declared
  201 |   [01;31m[KDetector[m[K::LightParams l_params = {
      |   [01;31m[K^~~~~~~~[m[K
[01m[K/home/mechax/zyb/mechax_cv_trajectory/src/rm_auto_aim/armor_detector/src/detector_node.cpp:206:3:[m[K [01;31m[Kerror: [m[Kâ€˜[01m[KDetector[m[Kâ€™ has not been declared
  206 |   [01;31m[KDetector[m[K::ArmorParams a_params = {
      |   [01;31m[K^~~~~~~~[m[K
[01m[K/home/mechax/zyb/mechax_cv_trajectory/src/rm_auto_aim/armor_detector/src/detector_node.cpp:214:36:[m[K [01;31m[Kerror: [m[Kâ€˜[01m[KDetector[m[Kâ€™ was not declared in this scope; did you mean â€˜[01m[Krm_auto_aim::Detector[m[Kâ€™?
  214 |   auto detector = std::make_unique<[01;31m[KDetector[m[K>(binary_thres, detect_color, l_params, a_params);
      |                                    [01;31m[K^~~~~~~~[m[K
      |                                    [32m[Krm_auto_aim::Detector[m[K
In file included from [01m[K/home/mechax/zyb/mechax_cv_trajectory/src/rm_auto_aim/armor_detector/include/armor_detector/detector_node.hpp:22[m[K,
                 from [01m[K/home/mechax/zyb/mechax_cv_trajectory/src/rm_auto_aim/armor_detector/src/detector_node.cpp:27[m[K:
[01m[K/home/mechax/zyb/mechax_cv_trajectory/src/rm_auto_aim/armor_detector/include/armor_detector/detector.hpp:23:7:[m[K [01;36m[Knote: [m[Kâ€˜[01m[Krm_auto_aim::Detector[m[Kâ€™ declared here
   23 | class [01;36m[KDetector[m[K
      |       [01;36m[K^~~~~~~~[m[K
[01m[K/home/mechax/zyb/mechax_cv_trajectory/src/rm_auto_aim/armor_detector/src/detector_node.cpp:214:74:[m[K [01;31m[Kerror: [m[Kâ€˜[01m[Kl_params[m[Kâ€™ was not declared in this scope; did you mean â€˜[01m[Krcl_params_t[m[Kâ€™?
  214 |   auto detector = std::make_unique<Detector>(binary_thres, detect_color, [01;31m[Kl_params[m[K, a_params);
      |                                                                          [01;31m[K^~~~~~~~[m[K
      |                                                                          [32m[Krcl_params_t[m[K
[01m[K/home/mechax/zyb/mechax_cv_trajectory/src/rm_auto_aim/armor_detector/src/detector_node.cpp:214:84:[m[K [01;31m[Kerror: [m[Kâ€˜[01m[Ka_params[m[Kâ€™ was not declared in this scope
  214 |   auto detector = std::make_unique<Detector>(binary_thres, detect_color, l_params, [01;31m[Ka_params[m[K);
      |                                                                                    [01;31m[K^~~~~~~~[m[K
[01m[K/home/mechax/zyb/mechax_cv_trajectory/src/rm_auto_aim/armor_detector/src/detector_node.cpp:220:22:[m[K [01;31m[Kerror: [m[Kinvalid use of â€˜[01m[Kthis[m[Kâ€™ in non-member function
  220 |   double threshold = [01;31m[Kthis[m[K->declare_parameter("classifier_threshold", 0.7);
      |                      [01;31m[K^~~~[m[K
[01m[K/home/mechax/zyb/mechax_cv_trajectory/src/rm_auto_aim/armor_detector/src/detector_node.cpp:222:5:[m[K [01;31m[Kerror: [m[Kinvalid use of â€˜[01m[Kthis[m[Kâ€™ in non-member function
  222 |     [01;31m[Kthis[m[K->declare_parameter("ignore_classes", std::vector<std::string>{"negative"});
      |     [01;31m[K^~~~[m[K
[01m[K/home/mechax/zyb/mechax_cv_trajectory/src/rm_auto_aim/armor_detector/src/detector_node.cpp:224:22:[m[K [01;31m[Kerror: [m[Kâ€˜[01m[KNumberClassifier[m[Kâ€™ was not declared in this scope; did you mean â€˜[01m[Krm_auto_aim::NumberClassifier[m[Kâ€™?
  224 |     std::make_unique<[01;31m[KNumberClassifier[m[K>(model_path, label_path, threshold, ignore_classes);
      |                      [01;31m[K^~~~~~~~~~~~~~~~[m[K
      |                      [32m[Krm_auto_aim::NumberClassifier[m[K
In file included from [01m[K/home/mechax/zyb/mechax_cv_trajectory/src/rm_auto_aim/armor_detector/include/armor_detector/detector.hpp:17[m[K,
                 from [01m[K/home/mechax/zyb/mechax_cv_trajectory/src/rm_auto_aim/armor_detector/include/armor_detector/detector_node.hpp:22[m[K,
                 from [01m[K/home/mechax/zyb/mechax_cv_trajectory/src/rm_auto_aim/armor_detector/src/detector_node.cpp:27[m[K:
[01m[K/home/mechax/zyb/mechax_cv_trajectory/src/rm_auto_aim/armor_detector/include/armor_detector/number_classifier.hpp:20:7:[m[K [01;36m[Knote: [m[Kâ€˜[01m[Krm_auto_aim::NumberClassifier[m[Kâ€™ declared here
   20 | class [01;36m[KNumberClassifier[m[K
      |       [01;36m[K^~~~~~~~~~~~~~~~[m[K
[01m[K/home/mechax/zyb/mechax_cv_trajectory/src/rm_auto_aim/armor_detector/src/detector_node.cpp:224:39:[m[K [01;31m[Kerror: [m[Kno matching function for call to â€˜[01m[Kmake_unique<<expression error> >(std::__cxx11::basic_string<char>&, std::__cxx11::basic_string<char>&, double&, std::vector<std::__cxx11::basic_string<char> >&)[m[Kâ€™
  224 |     [01;31m[Kstd::make_unique<NumberClassifier>(model_path, label_path, threshold, ignore_classes)[m[K;
      |     [01;31m[K~~~~~~~~~~~~~~~~~~~~~~~~~~~~~~~~~~^~~~~~~~~~~~~~~~~~~~~~~~~~~~~~~~~~~~~~~~~~~~~~~~~~~[m[K
In file included from [01m[K/usr/include/c++/11/memory:76[m[K,
                 from [01m[K/opt/ros/humble/include/sensor_msgs/sensor_msgs/msg/detail/image__struct.hpp:10[m[K,
                 from [01m[K/opt/ros/humble/include/sensor_msgs/sensor_msgs/msg/image.hpp:7[m[K,
                 from [01m[K/opt/ros/humble/include/cv_bridge/cv_bridge/cv_bridge.h:40[m[K,
                 from [01m[K/home/mechax/zyb/mechax_cv_trajectory/src/rm_auto_aim/armor_detector/src/detector_node.cpp:4[m[K:
[01m[K/usr/include/c++/11/bits/unique_ptr.h:961:5:[m[K [01;36m[Knote: [m[Kcandidate: â€˜[01m[Ktemplate<class _Tp, class ... _Args> typename std::_MakeUniq<_Tp>::__single_object std::make_unique(_Args&& ...)[m[Kâ€™
  961 |     [01;36m[Kmake_unique[m[K(_Args&&... __args)
      |     [01;36m[K^~~~~~~~~~~[m[K
[01m[K/usr/include/c++/11/bits/unique_ptr.h:961:5:[m[K [01;36m[Knote: [m[K  template argument deduction/substitution failed:
[01m[K/home/mechax/zyb/mechax_cv_trajectory/src/rm_auto_aim/armor_detector/src/detector_node.cpp:224:39:[m[K [01;31m[Kerror: [m[Ktemplate argument 1 is invalid
  224 |     [01;31m[Kstd::make_unique<NumberClassifier>(model_path, label_path, threshold, ignore_classes)[m[K;
      |     [01;31m[K~~~~~~~~~~~~~~~~~~~~~~~~~~~~~~~~~~^~~~~~~~~~~~~~~~~~~~~~~~~~~~~~~~~~~~~~~~~~~~~~~~~~~[m[K
In file included from [01m[K/usr/include/c++/11/memory:76[m[K,
                 from [01m[K/opt/ros/humble/include/sensor_msgs/sensor_msgs/msg/detail/image__struct.hpp:10[m[K,
                 from [01m[K/opt/ros/humble/include/sensor_msgs/sensor_msgs/msg/image.hpp:7[m[K,
                 from [01m[K/opt/ros/humble/include/cv_bridge/cv_bridge/cv_bridge.h:40[m[K,
                 from [01m[K/home/mechax/zyb/mechax_cv_trajectory/src/rm_auto_aim/armor_detector/src/detector_node.cpp:4[m[K:
[01m[K/usr/include/c++/11/bits/unique_ptr.h:967:5:[m[K [01;36m[Knote: [m[Kcandidate: â€˜[01m[Ktemplate<class _Tp> typename std::_MakeUniq<_Tp>::__array std::make_unique(std::size_t)[m[Kâ€™
  967 |     [01;36m[Kmake_unique[m[K(size_t __num)
      |     [01;36m[K^~~~~~~~~~~[m[K
[01m[K/usr/include/c++/11/bits/unique_ptr.h:967:5:[m[K [01;36m[Knote: [m[K  template argument deduction/substitution failed:
[01m[K/home/mechax/zyb/mechax_cv_trajectory/src/rm_auto_aim/armor_detector/src/detector_node.cpp:224:39:[m[K [01;31m[Kerror: [m[Ktemplate argument 1 is invalid
  224 |     [01;31m[Kstd::make_unique<NumberClassifier>(model_path, label_path, threshold, ignore_classes)[m[K;
      |     [01;31m[K~~~~~~~~~~~~~~~~~~~~~~~~~~~~~~~~~~^~~~~~~~~~~~~~~~~~~~~~~~~~~~~~~~~~~~~~~~~~~~~~~~~~~[m[K
In file included from [01m[K/usr/include/c++/11/memory:76[m[K,
                 from [01m[K/opt/ros/humble/include/sensor_msgs/sensor_msgs/msg/detail/image__struct.hpp:10[m[K,
                 from [01m[K/opt/ros/humble/include/sensor_msgs/sensor_msgs/msg/image.hpp:7[m[K,
                 from [01m[K/opt/ros/humble/include/cv_bridge/cv_bridge/cv_bridge.h:40[m[K,
                 from [01m[K/home/mechax/zyb/mechax_cv_trajectory/src/rm_auto_aim/armor_detector/src/detector_node.cpp:4[m[K:
[01m[K/usr/include/c++/11/bits/unique_ptr.h:973:5:[m[K [01;36m[Knote: [m[Kcandidate: â€˜[01m[Ktemplate<class _Tp, class ... _Args> typename std::_MakeUniq<_Tp>::__invalid_type std::make_unique(_Args&& ...)[m[Kâ€™ (deleted)
  973 |     [01;36m[Kmake_unique[m[K(_Args&&...) = delete;
      |     [01;36m[K^~~~~~~~~~~[m[K
[01m[K/usr/include/c++/11/bits/unique_ptr.h:973:5:[m[K [01;36m[Knote: [m[K  template argument deduction/substitution failed:
[01m[K/home/mechax/zyb/mechax_cv_trajectory/src/rm_auto_aim/armor_detector/src/detector_node.cpp:224:39:[m[K [01;31m[Kerror: [m[Ktemplate argument 1 is invalid
  224 |     [01;31m[Kstd::make_unique<NumberClassifier>(model_path, label_path, threshold, ignore_classes)[m[K;
      |     [01;31m[K~~~~~~~~~~~~~~~~~~~~~~~~~~~~~~~~~~^~~~~~~~~~~~~~~~~~~~~~~~~~~~~~~~~~~~~~~~~~~~~~~~~~~[m[K
[01m[K/home/mechax/zyb/mechax_cv_trajectory/src/rm_auto_aim/armor_detector/src/detector_node.cpp:[m[K At global scope:
[01m[K/home/mechax/zyb/mechax_cv_trajectory/src/rm_auto_aim/armor_detector/src/detector_node.cpp:229:13:[m[K [01;31m[Kerror: [m[Kâ€˜[01m[KArmor[m[Kâ€™ was not declared in this scope
  229 | std::vector<[01;31m[KArmor[m[K> ArmorDetectorNode::detectArmors(
      |             [01;31m[K^~~~~[m[K
[01m[K/home/mechax/zyb/mechax_cv_trajectory/src/rm_auto_aim/armor_detector/src/detector_node.cpp:229:13:[m[K [01;36m[Knote: [m[Ksuggested alternatives:
In file included from [01m[K/home/mechax/zyb/mechax_cv_trajectory/src/rm_auto_aim/armor_detector/src/detector_node.cpp:26[m[K:
[01m[K/home/mechax/zyb/mechax_cv_trajectory/src/rm_auto_aim/armor_detector/include/armor_detector/armor.hpp:46:8:[m[K [01;36m[Knote: [m[K  â€˜[01m[Krm_auto_aim::Armor[m[Kâ€™
   46 | struct [01;36m[KArmor[m[K
      |        [01;36m[K^~~~~[m[K
In file included from [01m[K/home/mechax/zyb/mechax_cv_trajectory/install/auto_aim_interfaces/include/auto_aim_interfaces/auto_aim_interfaces/msg/detail/armors__struct.hpp:22[m[K,
                 from [01m[K/home/mechax/zyb/mechax_cv_trajectory/install/auto_aim_interfaces/include/auto_aim_interfaces/auto_aim_interfaces/msg/armors.hpp:7[m[K,
                 from [01m[K/home/mechax/zyb/mechax_cv_trajectory/src/rm_auto_aim/armor_detector/include/armor_detector/detector_node.hpp:25[m[K,
                 from [01m[K/home/mechax/zyb/mechax_cv_trajectory/src/rm_auto_aim/armor_detector/src/detector_node.cpp:27[m[K:
[01m[K/home/mechax/zyb/mechax_cv_trajectory/install/auto_aim_interfaces/include/auto_aim_interfaces/auto_aim_interfaces/msg/detail/armor__struct.hpp:169:7:[m[K [01;36m[Knote: [m[K  â€˜[01m[Kauto_aim_interfaces::msg::Armor[m[Kâ€™
  169 | using [01;36m[KArmor[m[K =
      |       [01;36m[K^~~~~[m[K
[01m[K/home/mechax/zyb/mechax_cv_trajectory/src/rm_auto_aim/armor_detector/src/detector_node.cpp:229:18:[m[K [01;31m[Kerror: [m[Ktemplate argument 1 is invalid
  229 | std::vector<Armor[01;31m[K>[m[K ArmorDetectorNode::detectArmors(
      |                  [01;31m[K^[m[K
[01m[K/home/mechax/zyb/mechax_cv_trajectory/src/rm_auto_aim/armor_detector/src/detector_node.cpp:229:18:[m[K [01;31m[Kerror: [m[Ktemplate argument 2 is invalid
[01m[K/home/mechax/zyb/mechax_cv_trajectory/src/rm_auto_aim/armor_detector/src/detector_node.cpp:229:20:[m[K [01;31m[Kerror: [m[Kâ€˜[01m[KArmorDetectorNode[m[Kâ€™ has not been declared
  229 | std::vector<Armor> [01;31m[KArmorDetectorNode[m[K::detectArmors(
      |                    [01;31m[K^~~~~~~~~~~~~~~~~[m[K
[01m[K/home/mechax/zyb/mechax_cv_trajectory/src/rm_auto_aim/armor_detector/src/detector_node.cpp:[m[K In function â€˜[01m[Kint detectArmors(const ConstSharedPtr&)[m[Kâ€™:
[01m[K/home/mechax/zyb/mechax_cv_trajectory/src/rm_auto_aim/armor_detector/src/detector_node.cpp:236:3:[m[K [01;31m[Kerror: [m[Kâ€˜[01m[Kdetector_[m[Kâ€™ was not declared in this scope; did you mean â€˜[01m[KdetectArmors[m[Kâ€™?
  236 |   [01;31m[Kdetector_[m[K->binary_thres = get_parameter("binary_thres").as_int();
      |   [01;31m[K^~~~~~~~~[m[K
      |   [32m[KdetectArmors[m[K
[01m[K/home/mechax/zyb/mechax_cv_trajectory/src/rm_auto_aim/armor_detector/src/detector_node.cpp:236:29:[m[K [01;31m[Kerror: [m[Kâ€˜[01m[Kget_parameter[m[Kâ€™ was not declared in this scope
  236 |   detector_->binary_thres = [01;31m[Kget_parameter[m[K("binary_thres").as_int();
      |                             [01;31m[K^~~~~~~~~~~~~[m[K
[01m[K/home/mechax/zyb/mechax_cv_trajectory/src/rm_auto_aim/armor_detector/src/detector_node.cpp:242:21:[m[K [01;31m[Kerror: [m[Kinvalid use of â€˜[01m[Kthis[m[Kâ€™ in non-member function
  242 |   auto final_time = [01;31m[Kthis[m[K->now();
      |                     [01;31m[K^~~~[m[K
In file included from [01m[K/opt/ros/humble/include/rclcpp/rclcpp/client.hpp:40[m[K,
                 from [01m[K/opt/ros/humble/include/rclcpp/rclcpp/callback_group.hpp:24[m[K,
                 from [01m[K/opt/ros/humble/include/rclcpp/rclcpp/node.hpp:40[m[K,
                 from [01m[K/opt/ros/humble/include/image_transport/image_transport/image_transport.hpp:37[m[K,
                 from [01m[K/home/mechax/zyb/mechax_cv_trajectory/src/rm_auto_aim/armor_detector/src/detector_node.cpp:11[m[K:
[01m[K/home/mechax/zyb/mechax_cv_trajectory/src/rm_auto_aim/armor_detector/src/detector_node.cpp:244:23:[m[K [01;31m[Kerror: [m[Kinvalid use of â€˜[01m[Kthis[m[Kâ€™ in non-member function
  244 |   RCLCPP_DEBUG_STREAM([01;31m[Kthis[m[K->get_logger(), "Latency: " << latency << "ms");
      |                       [01;31m[K^~~~[m[K
[01m[K/home/mechax/zyb/mechax_cv_trajectory/src/rm_auto_aim/armor_detector/src/detector_node.cpp:244:23:[m[K [01;31m[Kerror: [m[Kinvalid use of â€˜[01m[Kthis[m[Kâ€™ in non-member function
[01m[K/home/mechax/zyb/mechax_cv_trajectory/src/rm_auto_aim/armor_detector/src/detector_node.cpp:244:3:[m[K [01;31m[Kerror: [m[Ktemplate argument 1 is invalid
  244 |   [01;31m[KRCLCPP_DEBUG_STREAM[m[K(this->get_logger(), "Latency: " << latency << "ms");
      |   [01;31m[K^~~~~~~~~~~~~~~~~~~[m[K
[01m[K/home/mechax/zyb/mechax_cv_trajectory/src/rm_auto_aim/armor_detector/src/detector_node.cpp:244:3:[m[K [01;31m[Kerror: [m[Kâ€˜[01m[K<declaration error>[m[Kâ€™ is not a template [[01;31m[K]8;;https://gcc.gnu.org/onlinedocs/gcc/Warning-Options.html#index-fpermissive-fpermissive]8;;[m[K]
  244 |   [01;31m[KRCLCPP_DEBUG_STREAM[m[K(this->get_logger(), "Latency: " << latency << "ms");
      |   [01;31m[K^~~~~~~~~~~~~~~~~~~[m[K
[01m[K/home/mechax/zyb/mechax_cv_trajectory/src/rm_auto_aim/armor_detector/src/detector_node.cpp:244:3:[m[K [01;31m[Kerror: [m[Ktemplate argument 1 is invalid
  244 |   [01;31m[KRCLCPP_DEBUG_STREAM[m[K(this->get_logger(), "Latency: " << latency << "ms");
      |   [01;31m[K^~~~~~~~~~~~~~~~~~~[m[K
[01m[K/home/mechax/zyb/mechax_cv_trajectory/src/rm_auto_aim/armor_detector/src/detector_node.cpp:244:3:[m[K [01;31m[Kerror: [m[Kâ€˜[01m[K<declaration error>[m[Kâ€™ is not a template [[01;31m[K]8;;https://gcc.gnu.org/onlinedocs/gcc/Warning-Options.html#index-fpermissive-fpermissive]8;;[m[K]
  244 |   [01;31m[KRCLCPP_DEBUG_STREAM[m[K(this->get_logger(), "Latency: " << latency << "ms");
      |   [01;31m[K^~~~~~~~~~~~~~~~~~~[m[K
[01m[K/home/mechax/zyb/mechax_cv_trajectory/src/rm_auto_aim/armor_detector/src/detector_node.cpp:244:3:[m[K [01;31m[Kerror: [m[Ktemplate argument 1 is invalid
  244 |   [01;31m[KRCLCPP_DEBUG_STREAM[m[K(this->get_logger(), "Latency: " << latency << "ms");
      |   [01;31m[K^~~~~~~~~~~~~~~~~~~[m[K
In file included from [01m[K/opt/ros/humble/include/rclcpp/rclcpp/logging.hpp:24[m[K,
                 from [01m[K/opt/ros/humble/include/rclcpp/rclcpp/client.hpp:40[m[K,
                 from [01m[K/opt/ros/humble/include/rclcpp/rclcpp/callback_group.hpp:24[m[K,
                 from [01m[K/opt/ros/humble/include/rclcpp/rclcpp/node.hpp:40[m[K,
                 from [01m[K/opt/ros/humble/include/image_transport/image_transport/image_transport.hpp:37[m[K,
                 from [01m[K/home/mechax/zyb/mechax_cv_trajectory/src/rm_auto_aim/armor_detector/src/detector_node.cpp:11[m[K:
[01m[K/home/mechax/zyb/mechax_cv_trajectory/src/rm_auto_aim/armor_detector/src/detector_node.cpp:244:23:[m[K [01;31m[Kerror: [m[Kinvalid use of â€˜[01m[Kthis[m[Kâ€™ in non-member function
  244 |   RCLCPP_DEBUG_STREAM([01;31m[Kthis[m[K->get_logger(), "Latency: " << latency << "ms");
      |                       [01;31m[K^~~~[m[K
[01m[K/home/mechax/zyb/mechax_cv_trajectory/src/rm_auto_aim/armor_detector/src/detector_node.cpp:244:23:[m[K [01;31m[Kerror: [m[Kinvalid use of â€˜[01m[Kthis[m[Kâ€™ in non-member function
  244 |   RCLCPP_DEBUG_STREAM([01;31m[Kthis[m[K->get_logger(), "Latency: " << latency << "ms");
      |                       [01;31m[K^~~~[m[K
[01m[K/home/mechax/zyb/mechax_cv_trajectory/src/rm_auto_aim/armor_detector/src/detector_node.cpp:247:7:[m[K [01;31m[Kerror: [m[Kâ€˜[01m[Kdebug_[m[Kâ€™ was not declared in this scope
  247 |   if ([01;31m[Kdebug_[m[K) {
      |       [01;31m[K^~~~~~[m[K
[01m[K/home/mechax/zyb/mechax_cv_trajectory/src/rm_auto_aim/armor_detector/src/detector_node.cpp:248:5:[m[K [01;31m[Kerror: [m[Kâ€˜[01m[Kbinary_img_pub_[m[Kâ€™ was not declared in this scope
  248 |     [01;31m[Kbinary_img_pub_[m[K.publish(
      |     [01;31m[K^~~~~~~~~~~~~~~[m[K
[01m[K/home/mechax/zyb/mechax_cv_trajectory/src/rm_auto_aim/armor_detector/src/detector_node.cpp:259:5:[m[K [01;31m[Kerror: [m[Kâ€˜[01m[Klights_data_pub_[m[Kâ€™ was not declared in this scope
  259 |     [01;31m[Klights_data_pub_[m[K->publish(detector_->debug_lights);
      |     [01;31m[K^~~~~~~~~~~~~~~~[m[K
[01m[K/home/mechax/zyb/mechax_cv_trajectory/src/rm_auto_aim/armor_detector/src/detector_node.cpp:260:5:[m[K [01;31m[Kerror: [m[Kâ€˜[01m[Karmors_data_pub_[m[Kâ€™ was not declared in this scope
  260 |     [01;31m[Karmors_data_pub_[m[K->publish(detector_->debug_armors);
      |     [01;31m[K^~~~~~~~~~~~~~~~[m[K
[01m[K/home/mechax/zyb/mechax_cv_trajectory/src/rm_auto_aim/armor_detector/src/detector_node.cpp:264:7:[m[K [01;31m[Kerror: [m[Kâ€˜[01m[Knumber_img_pub_[m[Kâ€™ was not declared in this scope
  264 |       [01;31m[Knumber_img_pub_[m[K.publish(
      |       [01;31m[K^~~~~~~~~~~~~~~[m[K
[01m[K/home/mechax/zyb/mechax_cv_trajectory/src/rm_auto_aim/armor_detector/src/detector_node.cpp:270:21:[m[K [01;31m[Kerror: [m[Kâ€˜[01m[Kcam_center_[m[Kâ€™ was not declared in this scope
  270 |     cv::circle(img, [01;31m[Kcam_center_[m[K, 5, cv::Scalar(255, 0, 0), 2);
      |                     [01;31m[K^~~~~~~~~~~[m[K
[01m[K/home/mechax/zyb/mechax_cv_trajectory/src/rm_auto_aim/armor_detector/src/detector_node.cpp:272:21:[m[K [01;31m[Kerror: [m[Kâ€˜[01m[Kneedpose_img[m[Kâ€™ was not declared in this scope
  272 |     cv::circle(img, [01;31m[Kneedpose_img[m[K, 5, cv::Scalar(0, 0, 255), 2);
      |                     [01;31m[K^~~~~~~~~~~~[m[K
[01m[K/home/mechax/zyb/mechax_cv_trajectory/src/rm_auto_aim/armor_detector/src/detector_node.cpp:279:5:[m[K [01;31m[Kerror: [m[Kâ€˜[01m[Kresult_img_pub_[m[Kâ€™ was not declared in this scope
  279 |     [01;31m[Kresult_img_pub_[m[K.publish(cv_bridge::CvImage(img_msg->header, "rgb8", img).toImageMsg());
      |     [01;31m[K^~~~~~~~~~~~~~~[m[K
[01m[K/home/mechax/zyb/mechax_cv_trajectory/src/rm_auto_aim/armor_detector/src/detector_node.cpp:[m[K At global scope:
[01m[K/home/mechax/zyb/mechax_cv_trajectory/src/rm_auto_aim/armor_detector/src/detector_node.cpp:285:6:[m[K [01;31m[Kerror: [m[Kâ€˜[01m[KArmorDetectorNode[m[Kâ€™ has not been declared
  285 | void [01;31m[KArmorDetectorNode[m[K::createDebugPublishers()
      |      [01;31m[K^~~~~~~~~~~~~~~~~[m[K
[01m[K/home/mechax/zyb/mechax_cv_trajectory/src/rm_auto_aim/armor_detector/src/detector_node.cpp:[m[K In function â€˜[01m[Kvoid createDebugPublishers()[m[Kâ€™:
[01m[K/home/mechax/zyb/mechax_cv_trajectory/src/rm_auto_aim/armor_detector/src/detector_node.cpp:287:3:[m[K [01;31m[Kerror: [m[Kâ€˜[01m[Klights_data_pub_[m[Kâ€™ was not declared in this scope
  287 |   [01;31m[Klights_data_pub_[m[K =
      |   [01;31m[K^~~~~~~~~~~~~~~~[m[K
[01m[K/home/mechax/zyb/mechax_cv_trajectory/src/rm_auto_aim/armor_detector/src/detector_node.cpp:288:5:[m[K [01;31m[Kerror: [m[Kinvalid use of â€˜[01m[Kthis[m[Kâ€™ in non-member function
  288 |     [01;31m[Kthis[m[K->create_publisher<auto_aim_interfaces::msg::DebugLights>("/detector/debug_lights", 10);
      |     [01;31m[K^~~~[m[K
[01m[K/home/mechax/zyb/mechax_cv_trajectory/src/rm_auto_aim/armor_detector/src/detector_node.cpp:288:65:[m[K [01;31m[Kerror: [m[Kexpected primary-expression before â€˜[01m[K>[m[Kâ€™ token
  288 |     this->create_publisher<auto_aim_interfaces::msg::DebugLights[01;31m[K>[m[K("/detector/debug_lights", 10);
      |                                                                 [01;31m[K^[m[K
[01m[K/home/mechax/zyb/mechax_cv_trajectory/src/rm_auto_aim/armor_detector/src/detector_node.cpp:288:67:[m[K [01;31m[Kerror: [m[Kleft operand of comma operator has no effect [[01;31m[K]8;;https://gcc.gnu.org/onlinedocs/gcc/Warning-Options.html#index-Wunused-value-Werror=unused-value]8;;[m[K]
  288 |     this->create_publisher<auto_aim_interfaces::msg::DebugLights>([01;31m[K"/detector/debug_lights"[m[K, 10);
      |                                                                   [01;31m[K^~~~~~~~~~~~~~~~~~~~~~~~[m[K
[01m[K/home/mechax/zyb/mechax_cv_trajectory/src/rm_auto_aim/armor_detector/src/detector_node.cpp:289:3:[m[K [01;31m[Kerror: [m[Kâ€˜[01m[Karmors_data_pub_[m[Kâ€™ was not declared in this scope
  289 |   [01;31m[Karmors_data_pub_[m[K =
      |   [01;31m[K^~~~~~~~~~~~~~~~[m[K
[01m[K/home/mechax/zyb/mechax_cv_trajectory/src/rm_auto_aim/armor_detector/src/detector_node.cpp:290:5:[m[K [01;31m[Kerror: [m[Kinvalid use of â€˜[01m[Kthis[m[Kâ€™ in non-member function
  290 |     [01;31m[Kthis[m[K->create_publisher<auto_aim_interfaces::msg::DebugArmors>("/detector/debug_armors", 10);
      |     [01;31m[K^~~~[m[K
[01m[K/home/mechax/zyb/mechax_cv_trajectory/src/rm_auto_aim/armor_detector/src/detector_node.cpp:290:65:[m[K [01;31m[Kerror: [m[Kexpected primary-expression before â€˜[01m[K>[m[Kâ€™ token
  290 |     this->create_publisher<auto_aim_interfaces::msg::DebugArmors[01;31m[K>[m[K("/detector/debug_armors", 10);
      |                                                                 [01;31m[K^[m[K
[01m[K/home/mechax/zyb/mechax_cv_trajectory/src/rm_auto_aim/armor_detector/src/detector_node.cpp:290:67:[m[K [01;31m[Kerror: [m[Kleft operand of comma operator has no effect [[01;31m[K]8;;https://gcc.gnu.org/onlinedocs/gcc/Warning-Options.html#index-Wunused-value-Werror=unused-value]8;;[m[K]
  290 |     this->create_publisher<auto_aim_interfaces::msg::DebugArmors>([01;31m[K"/detector/debug_armors"[m[K, 10);
      |                                                                   [01;31m[K^~~~~~~~~~~~~~~~~~~~~~~~[m[K
[01m[K/home/mechax/zyb/mechax_cv_trajectory/src/rm_auto_aim/armor_detector/src/detector_node.cpp:292:3:[m[K [01;31m[Kerror: [m[Kâ€˜[01m[Kbinary_img_pub_[m[Kâ€™ was not declared in this scope
  292 |   [01;31m[Kbinary_img_pub_[m[K = image_transport::create_publisher(this, "/detector/binary_img");
      |   [01;31m[K^~~~~~~~~~~~~~~[m[K
[01m[K/home/mechax/zyb/mechax_cv_trajectory/src/rm_auto_aim/armor_detector/src/detector_node.cpp:292:55:[m[K [01;31m[Kerror: [m[Kinvalid use of â€˜[01m[Kthis[m[Kâ€™ in non-member function
  292 |   binary_img_pub_ = image_transport::create_publisher([01;31m[Kthis[m[K, "/detector/binary_img");
      |                                                       [01;31m[K^~~~[m[K
[01m[K/home/mechax/zyb/mechax_cv_trajectory/src/rm_auto_aim/armor_detector/src/detector_node.cpp:293:3:[m[K [01;31m[Kerror: [m[Kâ€˜[01m[Knumber_img_pub_[m[Kâ€™ was not declared in this scope
  293 |   [01;31m[Knumber_img_pub_[m[K = image_transport::create_publisher(this, "/detector/number_img");
      |   [01;31m[K^~~~~~~~~~~~~~~[m[K
[01m[K/home/mechax/zyb/mechax_cv_trajectory/src/rm_auto_aim/armor_detector/src/detector_node.cpp:293:55:[m[K [01;31m[Kerror: [m[Kinvalid use of â€˜[01m[Kthis[m[Kâ€™ in non-member function
  293 |   number_img_pub_ = image_transport::create_publisher([01;31m[Kthis[m[K, "/detector/number_img");
      |                                                       [01;31m[K^~~~[m[K
[01m[K/home/mechax/zyb/mechax_cv_trajectory/src/rm_auto_aim/armor_detector/src/detector_node.cpp:294:3:[m[K [01;31m[Kerror: [m[Kâ€˜[01m[Kresult_img_pub_[m[Kâ€™ was not declared in this scope
  294 |   [01;31m[Kresult_img_pub_[m[K = image_transport::create_publisher(this, "/detector/result_img");
      |   [01;31m[K^~~~~~~~~~~~~~~[m[K
[01m[K/home/mechax/zyb/mechax_cv_trajectory/src/rm_auto_aim/armor_detector/src/detector_node.cpp:294:55:[m[K [01;31m[Kerror: [m[Kinvalid use of â€˜[01m[Kthis[m[Kâ€™ in non-member function
  294 |   result_img_pub_ = image_transport::create_publisher([01;31m[Kthis[m[K, "/detector/result_img");
      |                                                       [01;31m[K^~~~[m[K
[01m[K/home/mechax/zyb/mechax_cv_trajectory/src/rm_auto_aim/armor_detector/src/detector_node.cpp:[m[K At global scope:
[01m[K/home/mechax/zyb/mechax_cv_trajectory/src/rm_auto_aim/armor_detector/src/detector_node.cpp:297:6:[m[K [01;31m[Kerror: [m[Kâ€˜[01m[KArmorDetectorNode[m[Kâ€™ has not been declared
  297 | void [01;31m[KArmorDetectorNode[m[K::destroyDebugPublishers()
      |      [01;31m[K^~~~~~~~~~~~~~~~~[m[K
[01m[K/home/mechax/zyb/mechax_cv_trajectory/src/rm_auto_aim/armor_detector/src/detector_node.cpp:[m[K In function â€˜[01m[Kvoid destroyDebugPublishers()[m[Kâ€™:
[01m[K/home/mechax/zyb/mechax_cv_trajectory/src/rm_auto_aim/armor_detector/src/detector_node.cpp:299:3:[m[K [01;31m[Kerror: [m[Kâ€˜[01m[Klights_data_pub_[m[Kâ€™ was not declared in this scope
  299 |   [01;31m[Klights_data_pub_[m[K.reset();
      |   [01;31m[K^~~~~~~~~~~~~~~~[m[K
[01m[K/home/mechax/zyb/mechax_cv_trajectory/src/rm_auto_aim/armor_detector/src/detector_node.cpp:300:3:[m[K [01;31m[Kerror: [m[Kâ€˜[01m[Karmors_data_pub_[m[Kâ€™ was not declared in this scope
  300 |   [01;31m[Karmors_data_pub_[m[K.reset();
      |   [01;31m[K^~~~~~~~~~~~~~~~[m[K
[01m[K/home/mechax/zyb/mechax_cv_trajectory/src/rm_auto_aim/armor_detector/src/detector_node.cpp:302:3:[m[K [01;31m[Kerror: [m[Kâ€˜[01m[Kbinary_img_pub_[m[Kâ€™ was not declared in this scope
  302 |   [01;31m[Kbinary_img_pub_[m[K.shutdown();
      |   [01;31m[K^~~~~~~~~~~~~~~[m[K
[01m[K/home/mechax/zyb/mechax_cv_trajectory/src/rm_auto_aim/armor_detector/src/detector_node.cpp:303:3:[m[K [01;31m[Kerror: [m[Kâ€˜[01m[Knumber_img_pub_[m[Kâ€™ was not declared in this scope
  303 |   [01;31m[Knumber_img_pub_[m[K.shutdown();
      |   [01;31m[K^~~~~~~~~~~~~~~[m[K
[01m[K/home/mechax/zyb/mechax_cv_trajectory/src/rm_auto_aim/armor_detector/src/detector_node.cpp:304:3:[m[K [01;31m[Kerror: [m[Kâ€˜[01m[Kresult_img_pub_[m[Kâ€™ was not declared in this scope
  304 |   [01;31m[Kresult_img_pub_[m[K.shutdown();
      |   [01;31m[K^~~~~~~~~~~~~~~[m[K
[01m[K/home/mechax/zyb/mechax_cv_trajectory/src/rm_auto_aim/armor_detector/src/detector_node.cpp:[m[K At global scope:
[01m[K/home/mechax/zyb/mechax_cv_trajectory/src/rm_auto_aim/armor_detector/src/detector_node.cpp:307:6:[m[K [01;31m[Kerror: [m[Kâ€˜[01m[KArmorDetectorNode[m[Kâ€™ has not been declared
  307 | void [01;31m[KArmorDetectorNode[m[K::publishMarkers()
      |      [01;31m[K^~~~~~~~~~~~~~~~~[m[K
[01m[K/home/mechax/zyb/mechax_cv_trajectory/src/rm_auto_aim/armor_detector/src/detector_node.cpp:[m[K In function â€˜[01m[Kvoid publishMarkers()[m[Kâ€™:
[01m[K/home/mechax/zyb/mechax_cv_trajectory/src/rm_auto_aim/armor_detector/src/detector_node.cpp:310:3:[m[K [01;31m[Kerror: [m[Kâ€˜[01m[Karmor_marker_[m[Kâ€™ was not declared in this scope
  310 |   [01;31m[Karmor_marker_[m[K.action = armors_msg_.armors.empty() ? Marker::DELETE : Marker::ADD;
      |   [01;31m[K^~~~~~~~~~~~~[m[K
[01m[K/home/mechax/zyb/mechax_cv_trajectory/src/rm_auto_aim/armor_detector/src/detector_node.cpp:310:26:[m[K [01;31m[Kerror: [m[Kâ€˜[01m[Karmors_msg_[m[Kâ€™ was not declared in this scope
  310 |   armor_marker_.action = [01;31m[Karmors_msg_[m[K.armors.empty() ? Marker::DELETE : Marker::ADD;
      |                          [01;31m[K^~~~~~~~~~~[m[K
[01m[K/home/mechax/zyb/mechax_cv_trajectory/src/rm_auto_aim/armor_detector/src/detector_node.cpp:311:3:[m[K [01;31m[Kerror: [m[Kâ€˜[01m[Kmarker_array_[m[Kâ€™ was not declared in this scope
  311 |   [01;31m[Kmarker_array_[m[K.markers.emplace_back(armor_marker_);
      |   [01;31m[K^~~~~~~~~~~~~[m[K
[01m[K/home/mechax/zyb/mechax_cv_trajectory/src/rm_auto_aim/armor_detector/src/detector_node.cpp:312:3:[m[K [01;31m[Kerror: [m[Kâ€˜[01m[Kmarker_pub_[m[Kâ€™ was not declared in this scope
  312 |   [01;31m[Kmarker_pub_[m[K->publish(marker_array_);
      |   [01;31m[K^~~~~~~~~~~[m[K
[01m[K/home/mechax/zyb/mechax_cv_trajectory/src/rm_auto_aim/armor_detector/src/detector_node.cpp:[m[K At global scope:
[01m[K/home/mechax/zyb/mechax_cv_trajectory/src/rm_auto_aim/armor_detector/src/detector_node.cpp:315:1:[m[K [01;31m[Kerror: [m[Kexpected declaration before â€˜[01m[K}[m[Kâ€™ token
  315 | [01;31m[K}[m[K  // namespace rm_auto_aim
      | [01;31m[K^[m[K
cc1plus: all warnings being treated as errors
gmake[2]: *** [CMakeFiles/armor_detector.dir/build.make:90: CMakeFiles/armor_detector.dir/src/detector_node.cpp.o] Error 1
gmake[1]: *** [CMakeFiles/Makefile2:161: CMakeFiles/armor_detector.dir/all] Error 2
gmake: *** [Makefile:146: all] Error 2
