[01m[K/home/mechax/zyb/mechax_cv_trajectory/src/rm_auto_aim/armor_tracker/src/tracker_node.cpp:[m[K In constructor â€˜[01m[Krm_auto_aim::ArmorTrackerNode::ArmorTrackerNode(const rclcpp::NodeOptions&)[m[Kâ€™:
[01m[K/home/mechax/zyb/mechax_cv_trajectory/src/rm_auto_aim/armor_tracker/src/tracker_node.cpp:147:97:[m[K [01;31m[Kerror: [m[Kno matching function for call to â€˜[01m[Ktf2_ros::MessageFilter<geometry_msgs::msg::PointStamped_<std::allocator<void> > >::MessageFilter(message_filters::Subscriber<geometry_msgs::msg::PoseStamped_<std::allocator<void> > >&, std::__shared_ptr_access<tf2_ros::Buffer, __gnu_cxx::_S_atomic, false, false>::element_type&, std::string&, int, rm_auto_aim::ArmorTrackerNode*, std::chrono::duration<int>)[m[Kâ€™
  147 |     needpose_sub_, *tf2_buffer_, needpose_target_frame_, 10, this, std::chrono::duration<int>(1)[01;31m[K)[m[K;
      |                                                                                                 [01;31m[K^[m[K
In file included from [01m[K/home/mechax/zyb/mechax_cv_trajectory/src/rm_auto_aim/armor_tracker/include/armor_tracker/tracker_node.hpp:10[m[K,
                 from [01m[K/home/mechax/zyb/mechax_cv_trajectory/src/rm_auto_aim/armor_tracker/src/tracker_node.cpp:2[m[K:
[01m[K/opt/ros/humble/include/tf2_ros/tf2_ros/message_filter.h:241:3:[m[K [01;36m[Knote: [m[Kcandidate: â€˜[01m[Ktemplate<class F, class TimeRepT, class TimeT> tf2_ros::MessageFilter<M, BufferT>::MessageFilter(F&, BufferT&, const string&, uint32_t, const SharedPtr&, const SharedPtr&, std::chrono::duration<TimeRepT, TimeT>) [with F = F; TimeRepT = TimeRepT; TimeT = TimeT; M = geometry_msgs::msg::PointStamped_<std::allocator<void> >; BufferT = tf2_ros::Buffer][m[Kâ€™
  241 |   [01;36m[KMessageFilter[m[K(
      |   [01;36m[K^~~~~~~~~~~~~[m[K
[01m[K/opt/ros/humble/include/tf2_ros/tf2_ros/message_filter.h:241:3:[m[K [01;36m[Knote: [m[K  template argument deduction/substitution failed:
[01m[K/home/mechax/zyb/mechax_cv_trajectory/src/rm_auto_aim/armor_tracker/src/tracker_node.cpp:147:62:[m[K [01;36m[Knote: [m[K  cannot convert â€˜[01m[K(rm_auto_aim::ArmorTrackerNode*)this[m[Kâ€™ (type â€˜[01m[Krm_auto_aim::ArmorTrackerNode*[m[Kâ€™) to type â€˜[01m[Kconst SharedPtr&[m[Kâ€™ {aka â€˜[01m[Kconst std::shared_ptr<rclcpp::node_interfaces::NodeLoggingInterface>&[m[Kâ€™}
  147 |     needpose_sub_, *tf2_buffer_, needpose_target_frame_, 10, [01;36m[Kthis[m[K, std::chrono::duration<int>(1));
      |                                                              [01;36m[K^~~~[m[K
In file included from [01m[K/home/mechax/zyb/mechax_cv_trajectory/src/rm_auto_aim/armor_tracker/include/armor_tracker/tracker_node.hpp:10[m[K,
                 from [01m[K/home/mechax/zyb/mechax_cv_trajectory/src/rm_auto_aim/armor_tracker/src/tracker_node.cpp:2[m[K:
[01m[K/opt/ros/humble/include/tf2_ros/tf2_ros/message_filter.h:219:3:[m[K [01;36m[Knote: [m[Kcandidate: â€˜[01m[Ktemplate<class F, class TimeRepT, class TimeT> tf2_ros::MessageFilter<M, BufferT>::MessageFilter(F&, BufferT&, const string&, uint32_t, const SharedPtr&, std::chrono::duration<TimeRepT, TimeT>) [with F = F; TimeRepT = TimeRepT; TimeT = TimeT; M = geometry_msgs::msg::PointStamped_<std::allocator<void> >; BufferT = tf2_ros::Buffer][m[Kâ€™
  219 |   [01;36m[KMessageFilter[m[K(
      |   [01;36m[K^~~~~~~~~~~~~[m[K
[01m[K/opt/ros/humble/include/tf2_ros/tf2_ros/message_filter.h:219:3:[m[K [01;36m[Knote: [m[K  template argument deduction/substitution failed:
[01m[K/home/mechax/zyb/mechax_cv_trajectory/src/rm_auto_aim/armor_tracker/src/tracker_node.cpp:147:62:[m[K [01;36m[Knote: [m[K  cannot convert â€˜[01m[K(rm_auto_aim::ArmorTrackerNode*)this[m[Kâ€™ (type â€˜[01m[Krm_auto_aim::ArmorTrackerNode*[m[Kâ€™) to type â€˜[01m[Kconst SharedPtr&[m[Kâ€™ {aka â€˜[01m[Kconst std::shared_ptr<rclcpp::Node>&[m[Kâ€™}
  147 |     needpose_sub_, *tf2_buffer_, needpose_target_frame_, 10, [01;36m[Kthis[m[K, std::chrono::duration<int>(1));
      |                                                              [01;36m[K^~~~[m[K
In file included from [01m[K/home/mechax/zyb/mechax_cv_trajectory/src/rm_auto_aim/armor_tracker/include/armor_tracker/tracker_node.hpp:10[m[K,
                 from [01m[K/home/mechax/zyb/mechax_cv_trajectory/src/rm_auto_aim/armor_tracker/src/tracker_node.cpp:2[m[K:
[01m[K/opt/ros/humble/include/tf2_ros/tf2_ros/message_filter.h:192:3:[m[K [01;36m[Knote: [m[Kcandidate: â€˜[01m[Ktemplate<class TimeRepT, class TimeT> tf2_ros::MessageFilter<M, BufferT>::MessageFilter(BufferT&, const string&, uint32_t, const SharedPtr&, const SharedPtr&, std::chrono::duration<_Rep, _Period>) [with TimeRepT = TimeRepT; TimeT = TimeT; M = geometry_msgs::msg::PointStamped_<std::allocator<void> >; BufferT = tf2_ros::Buffer][m[Kâ€™
  192 |   [01;36m[KMessageFilter[m[K(
      |   [01;36m[K^~~~~~~~~~~~~[m[K
[01m[K/opt/ros/humble/include/tf2_ros/tf2_ros/message_filter.h:192:3:[m[K [01;36m[Knote: [m[K  template argument deduction/substitution failed:
[01m[K/home/mechax/zyb/mechax_cv_trajectory/src/rm_auto_aim/armor_tracker/src/tracker_node.cpp:147:5:[m[K [01;36m[Knote: [m[K  cannot convert â€˜[01m[K((rm_auto_aim::ArmorTrackerNode*)this)->rm_auto_aim::ArmorTrackerNode::needpose_sub_[m[Kâ€™ (type â€˜[01m[Kmessage_filters::Subscriber<geometry_msgs::msg::PoseStamped_<std::allocator<void> > >[m[Kâ€™) to type â€˜[01m[Ktf2_ros::Buffer&[m[Kâ€™
  147 |     [01;36m[Kneedpose_sub_[m[K, *tf2_buffer_, needpose_target_frame_, 10, this, std::chrono::duration<int>(1));
      |     [01;36m[K^~~~~~~~~~~~~[m[K
In file included from [01m[K/home/mechax/zyb/mechax_cv_trajectory/src/rm_auto_aim/armor_tracker/include/armor_tracker/tracker_node.hpp:10[m[K,
                 from [01m[K/home/mechax/zyb/mechax_cv_trajectory/src/rm_auto_aim/armor_tracker/src/tracker_node.cpp:2[m[K:
[01m[K/opt/ros/humble/include/tf2_ros/tf2_ros/message_filter.h:165:3:[m[K [01;36m[Knote: [m[Kcandidate: â€˜[01m[Ktemplate<class TimeRepT, class TimeT> tf2_ros::MessageFilter<M, BufferT>::MessageFilter(BufferT&, const string&, uint32_t, const SharedPtr&, std::chrono::duration<_Rep, _Period>) [with TimeRepT = TimeRepT; TimeT = TimeT; M = geometry_msgs::msg::PointStamped_<std::allocator<void> >; BufferT = tf2_ros::Buffer][m[Kâ€™
  165 |   [01;36m[KMessageFilter[m[K(
      |   [01;36m[K^~~~~~~~~~~~~[m[K
[01m[K/opt/ros/humble/include/tf2_ros/tf2_ros/message_filter.h:165:3:[m[K [01;36m[Knote: [m[K  template argument deduction/substitution failed:
[01m[K/home/mechax/zyb/mechax_cv_trajectory/src/rm_auto_aim/armor_tracker/src/tracker_node.cpp:147:97:[m[K [01;36m[Knote: [m[K  mismatched types â€˜[01m[Kstd::chrono::duration<_Rep1, _Period1>[m[Kâ€™ and â€˜[01m[Krm_auto_aim::ArmorTrackerNode*[m[Kâ€™
  147 |     needpose_sub_, *tf2_buffer_, needpose_target_frame_, 10, this, std::chrono::duration<int>(1)[01;36m[K)[m[K;
      |                                                                                                 [01;36m[K^[m[K
[01m[K/home/mechax/zyb/mechax_cv_trajectory/src/rm_auto_aim/armor_tracker/src/tracker_node.cpp:146:31:[m[K [01;31m[Kerror: [m[Kparse error in template argument list
  146 |   needpose_tf2_filter_ = std::[01;31m[Kmake_shared<tf2_ros::MessageFilter<geometry_msgs::msg::PointStamped>([m[K
      |                               [01;31m[K^~~~~~~~~~~~~~~~~~~~~~~~~~~~~~~~~~~~~~~~~~~~~~~~~~~~~~~~~~~~~~~~~~~~~[m[K
  147 | [01;31m[K    needpose_sub_, *tf2_buffer_, needpose_target_frame_, 10, this, std::chrono::duration<int>(1))[m[K;
      |     [01;31m[K~~~~~~~~~~~~~~~~~~~~~~~~~~~~~~~~~~~~~~~~~~~~~~~~~~~~~~~~~~~~~~~~~~~~~~~~~~~~~~~~~~~~~~~~~~~~~[m[K
[01m[K/home/mechax/zyb/mechax_cv_trajectory/src/rm_auto_aim/armor_tracker/src/tracker_node.cpp:146:31:[m[K [01;31m[Kerror: [m[Kno match for â€˜[01m[Koperator=[m[Kâ€™ (operand types are â€˜[01m[Kstd::shared_ptr<tf2_ros::MessageFilter<auto_aim_interfaces::msg::Armors_<std::allocator<void> > > >[m[Kâ€™ and â€˜[01m[K<unresolved overloaded function type>[m[Kâ€™)
In file included from [01m[K/usr/include/c++/11/memory:77[m[K,
                 from [01m[K/opt/ros/humble/include/rclcpp/rclcpp/rclcpp.hpp:153[m[K,
                 from [01m[K/opt/ros/humble/include/message_filters/message_filters/subscriber.h:40[m[K,
                 from [01m[K/home/mechax/zyb/mechax_cv_trajectory/src/rm_auto_aim/armor_tracker/include/armor_tracker/tracker_node.hpp:7[m[K,
                 from [01m[K/home/mechax/zyb/mechax_cv_trajectory/src/rm_auto_aim/armor_tracker/src/tracker_node.cpp:2[m[K:
[01m[K/usr/include/c++/11/bits/shared_ptr.h:363:9:[m[K [01;36m[Knote: [m[Kcandidate: â€˜[01m[Ktemplate<class _Yp> std::shared_ptr<_Tp>::_Assignable<const std::shared_ptr<_Yp>&> std::shared_ptr<_Tp>::operator=(const std::shared_ptr<_Yp>&) [with _Yp = _Yp; _Tp = tf2_ros::MessageFilter<auto_aim_interfaces::msg::Armors_<std::allocator<void> > >][m[Kâ€™
  363 |         [01;36m[Koperator[m[K=(const shared_ptr<_Yp>& __r) noexcept
      |         [01;36m[K^~~~~~~~[m[K
[01m[K/usr/include/c++/11/bits/shared_ptr.h:363:9:[m[K [01;36m[Knote: [m[K  template argument deduction/substitution failed:
[01m[K/home/mechax/zyb/mechax_cv_trajectory/src/rm_auto_aim/armor_tracker/src/tracker_node.cpp:146:31:[m[K [01;36m[Knote: [m[K  couldnâ€™t deduce template parameter â€˜[01m[K_Yp[m[Kâ€™
  146 |   needpose_tf2_filter_ = std::[01;36m[Kmake_shared<tf2_ros::MessageFilter<geometry_msgs::msg::PointStamped>([m[K
      |                               [01;36m[K^~~~~~~~~~~~~~~~~~~~~~~~~~~~~~~~~~~~~~~~~~~~~~~~~~~~~~~~~~~~~~~~~~~~~[m[K
  147 | [01;36m[K    needpose_sub_, *tf2_buffer_, needpose_target_frame_, 10, this, std::chrono::duration<int>(1))[m[K;
      |     [01;36m[K~~~~~~~~~~~~~~~~~~~~~~~~~~~~~~~~~~~~~~~~~~~~~~~~~~~~~~~~~~~~~~~~~~~~~~~~~~~~~~~~~~~~~~~~~~~~~[m[K
In file included from [01m[K/usr/include/c++/11/memory:77[m[K,
                 from [01m[K/opt/ros/humble/include/rclcpp/rclcpp/rclcpp.hpp:153[m[K,
                 from [01m[K/opt/ros/humble/include/message_filters/message_filters/subscriber.h:40[m[K,
                 from [01m[K/home/mechax/zyb/mechax_cv_trajectory/src/rm_auto_aim/armor_tracker/include/armor_tracker/tracker_node.hpp:7[m[K,
                 from [01m[K/home/mechax/zyb/mechax_cv_trajectory/src/rm_auto_aim/armor_tracker/src/tracker_node.cpp:2[m[K:
[01m[K/usr/include/c++/11/bits/shared_ptr.h:374:9:[m[K [01;36m[Knote: [m[Kcandidate: â€˜[01m[Ktemplate<class _Yp> std::shared_ptr<_Tp>::_Assignable<std::auto_ptr<_Up> > std::shared_ptr<_Tp>::operator=(std::auto_ptr<_Up>&&) [with _Yp = _Yp; _Tp = tf2_ros::MessageFilter<auto_aim_interfaces::msg::Armors_<std::allocator<void> > >][m[Kâ€™
  374 |         [01;36m[Koperator[m[K=(auto_ptr<_Yp>&& __r)
      |         [01;36m[K^~~~~~~~[m[K
[01m[K/usr/include/c++/11/bits/shared_ptr.h:374:9:[m[K [01;36m[Knote: [m[K  template argument deduction/substitution failed:
[01m[K/home/mechax/zyb/mechax_cv_trajectory/src/rm_auto_aim/armor_tracker/src/tracker_node.cpp:146:31:[m[K [01;36m[Knote: [m[K  couldnâ€™t deduce template parameter â€˜[01m[K_Yp[m[Kâ€™
  146 |   needpose_tf2_filter_ = std::[01;36m[Kmake_shared<tf2_ros::MessageFilter<geometry_msgs::msg::PointStamped>([m[K
      |                               [01;36m[K^~~~~~~~~~~~~~~~~~~~~~~~~~~~~~~~~~~~~~~~~~~~~~~~~~~~~~~~~~~~~~~~~~~~~[m[K
  147 | [01;36m[K    needpose_sub_, *tf2_buffer_, needpose_target_frame_, 10, this, std::chrono::duration<int>(1))[m[K;
      |     [01;36m[K~~~~~~~~~~~~~~~~~~~~~~~~~~~~~~~~~~~~~~~~~~~~~~~~~~~~~~~~~~~~~~~~~~~~~~~~~~~~~~~~~~~~~~~~~~~~~[m[K
In file included from [01m[K/usr/include/c++/11/memory:77[m[K,
                 from [01m[K/opt/ros/humble/include/rclcpp/rclcpp/rclcpp.hpp:153[m[K,
                 from [01m[K/opt/ros/humble/include/message_filters/message_filters/subscriber.h:40[m[K,
                 from [01m[K/home/mechax/zyb/mechax_cv_trajectory/src/rm_auto_aim/armor_tracker/include/armor_tracker/tracker_node.hpp:7[m[K,
                 from [01m[K/home/mechax/zyb/mechax_cv_trajectory/src/rm_auto_aim/armor_tracker/src/tracker_node.cpp:2[m[K:
[01m[K/usr/include/c++/11/bits/shared_ptr.h:391:9:[m[K [01;36m[Knote: [m[Kcandidate: â€˜[01m[Ktemplate<class _Yp> std::shared_ptr<_Tp>::_Assignable<std::shared_ptr<_Yp> > std::shared_ptr<_Tp>::operator=(std::shared_ptr<_Yp>&&) [with _Yp = _Yp; _Tp = tf2_ros::MessageFilter<auto_aim_interfaces::msg::Armors_<std::allocator<void> > >][m[Kâ€™
  391 |         [01;36m[Koperator[m[K=(shared_ptr<_Yp>&& __r) noexcept
      |         [01;36m[K^~~~~~~~[m[K
[01m[K/usr/include/c++/11/bits/shared_ptr.h:391:9:[m[K [01;36m[Knote: [m[K  template argument deduction/substitution failed:
[01m[K/home/mechax/zyb/mechax_cv_trajectory/src/rm_auto_aim/armor_tracker/src/tracker_node.cpp:146:31:[m[K [01;36m[Knote: [m[K  couldnâ€™t deduce template parameter â€˜[01m[K_Yp[m[Kâ€™
  146 |   needpose_tf2_filter_ = std::[01;36m[Kmake_shared<tf2_ros::MessageFilter<geometry_msgs::msg::PointStamped>([m[K
      |                               [01;36m[K^~~~~~~~~~~~~~~~~~~~~~~~~~~~~~~~~~~~~~~~~~~~~~~~~~~~~~~~~~~~~~~~~~~~~[m[K
  147 | [01;36m[K    needpose_sub_, *tf2_buffer_, needpose_target_frame_, 10, this, std::chrono::duration<int>(1))[m[K;
      |     [01;36m[K~~~~~~~~~~~~~~~~~~~~~~~~~~~~~~~~~~~~~~~~~~~~~~~~~~~~~~~~~~~~~~~~~~~~~~~~~~~~~~~~~~~~~~~~~~~~~[m[K
In file included from [01m[K/usr/include/c++/11/memory:77[m[K,
                 from [01m[K/opt/ros/humble/include/rclcpp/rclcpp/rclcpp.hpp:153[m[K,
                 from [01m[K/opt/ros/humble/include/message_filters/message_filters/subscriber.h:40[m[K,
                 from [01m[K/home/mechax/zyb/mechax_cv_trajectory/src/rm_auto_aim/armor_tracker/include/armor_tracker/tracker_node.hpp:7[m[K,
                 from [01m[K/home/mechax/zyb/mechax_cv_trajectory/src/rm_auto_aim/armor_tracker/src/tracker_node.cpp:2[m[K:
[01m[K/usr/include/c++/11/bits/shared_ptr.h:399:9:[m[K [01;36m[Knote: [m[Kcandidate: â€˜[01m[Ktemplate<class _Yp, class _Del> std::shared_ptr<_Tp>::_Assignable<std::unique_ptr<_Up, _Ep> > std::shared_ptr<_Tp>::operator=(std::unique_ptr<_Up, _Ep>&&) [with _Yp = _Yp; _Del = _Del; _Tp = tf2_ros::MessageFilter<auto_aim_interfaces::msg::Armors_<std::allocator<void> > >][m[Kâ€™
  399 |         [01;36m[Koperator[m[K=(unique_ptr<_Yp, _Del>&& __r)
      |         [01;36m[K^~~~~~~~[m[K
[01m[K/usr/include/c++/11/bits/shared_ptr.h:399:9:[m[K [01;36m[Knote: [m[K  template argument deduction/substitution failed:
[01m[K/home/mechax/zyb/mechax_cv_trajectory/src/rm_auto_aim/armor_tracker/src/tracker_node.cpp:146:31:[m[K [01;36m[Knote: [m[K  couldnâ€™t deduce template parameter â€˜[01m[K_Yp[m[Kâ€™
  146 |   needpose_tf2_filter_ = std::[01;36m[Kmake_shared<tf2_ros::MessageFilter<geometry_msgs::msg::PointStamped>([m[K
      |                               [01;36m[K^~~~~~~~~~~~~~~~~~~~~~~~~~~~~~~~~~~~~~~~~~~~~~~~~~~~~~~~~~~~~~~~~~~~~[m[K
  147 | [01;36m[K    needpose_sub_, *tf2_buffer_, needpose_target_frame_, 10, this, std::chrono::duration<int>(1))[m[K;
      |     [01;36m[K~~~~~~~~~~~~~~~~~~~~~~~~~~~~~~~~~~~~~~~~~~~~~~~~~~~~~~~~~~~~~~~~~~~~~~~~~~~~~~~~~~~~~~~~~~~~~[m[K
In file included from [01m[K/usr/include/c++/11/memory:77[m[K,
                 from [01m[K/opt/ros/humble/include/rclcpp/rclcpp/rclcpp.hpp:153[m[K,
                 from [01m[K/opt/ros/humble/include/message_filters/message_filters/subscriber.h:40[m[K,
                 from [01m[K/home/mechax/zyb/mechax_cv_trajectory/src/rm_auto_aim/armor_tracker/include/armor_tracker/tracker_node.hpp:7[m[K,
                 from [01m[K/home/mechax/zyb/mechax_cv_trajectory/src/rm_auto_aim/armor_tracker/src/tracker_node.cpp:2[m[K:
[01m[K/usr/include/c++/11/bits/shared_ptr.h:359:19:[m[K [01;36m[Knote: [m[Kcandidate: â€˜[01m[Kstd::shared_ptr<_Tp>& std::shared_ptr<_Tp>::operator=(const std::shared_ptr<_Tp>&) [with _Tp = tf2_ros::MessageFilter<auto_aim_interfaces::msg::Armors_<std::allocator<void> > >][m[Kâ€™
  359 |       shared_ptr& [01;36m[Koperator[m[K=(const shared_ptr&) noexcept = default;
      |                   [01;36m[K^~~~~~~~[m[K
[01m[K/usr/include/c++/11/bits/shared_ptr.h:359:29:[m[K [01;36m[Knote: [m[K  no known conversion for argument 1 from â€˜[01m[K<unresolved overloaded function type>[m[Kâ€™ to â€˜[01m[Kconst std::shared_ptr<tf2_ros::MessageFilter<auto_aim_interfaces::msg::Armors_<std::allocator<void> > > >&[m[Kâ€™
  359 |       shared_ptr& operator=([01;36m[Kconst shared_ptr&[m[K) noexcept = default;
      |                             [01;36m[K^~~~~~~~~~~~~~~~~[m[K
[01m[K/usr/include/c++/11/bits/shared_ptr.h:383:7:[m[K [01;36m[Knote: [m[Kcandidate: â€˜[01m[Kstd::shared_ptr<_Tp>& std::shared_ptr<_Tp>::operator=(std::shared_ptr<_Tp>&&) [with _Tp = tf2_ros::MessageFilter<auto_aim_interfaces::msg::Armors_<std::allocator<void> > >][m[Kâ€™
  383 |       [01;36m[Koperator[m[K=(shared_ptr&& __r) noexcept
      |       [01;36m[K^~~~~~~~[m[K
[01m[K/usr/include/c++/11/bits/shared_ptr.h:383:30:[m[K [01;36m[Knote: [m[K  no known conversion for argument 1 from â€˜[01m[K<unresolved overloaded function type>[m[Kâ€™ to â€˜[01m[Kstd::shared_ptr<tf2_ros::MessageFilter<auto_aim_interfaces::msg::Armors_<std::allocator<void> > > >&&[m[Kâ€™
  383 |       operator=([01;36m[Kshared_ptr&& __r[m[K) noexcept
      |                 [01;36m[K~~~~~~~~~~~~~^~~[m[K
gmake[2]: *** [CMakeFiles/armor_tracker.dir/build.make:104: CMakeFiles/armor_tracker.dir/src/tracker_node.cpp.o] Error 1
gmake[1]: *** [CMakeFiles/Makefile2:139: CMakeFiles/armor_tracker.dir/all] Error 2
gmake: *** [Makefile:146: all] Error 2
