[0.119s] Invoking command in '/home/mechax/zyb/mechax_cv_trajectory/build/armor_tracker': CMAKE_PREFIX_PATH=/home/mechax/zyb/mechax_cv_trajectory/install/auto_aim_interfaces:/home/mechax/zyb/mechax_cv_trajectory/install/rm_vision_bringup:/home/mechax/zyb/mechax_cv_trajectory/install/rm_serial_driver:/home/mechax/zyb/mechax_cv_trajectory/install/rm_gimbal_description:/home/mechax/zyb/mechax_cv_trajectory/install/rm_auto_aim:/home/mechax/zyb/mechax_cv_trajectory/install/mindvision_camera:/home/mechax/zyb/mechax_cv_trajectory/install/mechax_trajectory:/home/mechax/zyb/mechax_cv_trajectory/install/armor_tracker:/home/mechax/zyb/mechax_cv_trajectory/install/armor_detector:/home/mechax/ws_livox/install/livox_ros2_driver:/home/mechax/ws_livox/install/livox_sdk_vendor:/home/mechax/ws_livox/install/livox_interfaces:/home/mechax/zyb/mechax_cv_trajectory/install/my_package:/opt/ros/humble LD_LIBRARY_PATH=/home/mechax/zyb/mechax_cv_trajectory/install/auto_aim_interfaces/lib:/home/mechax/zyb/mechax_cv_trajectory/install/rm_serial_driver/lib:/home/mechax/zyb/mechax_cv_trajectory/install/mindvision_camera/lib:/home/mechax/zyb/mechax_cv_trajectory/install/armor_tracker/lib:/home/mechax/zyb/mechax_cv_trajectory/install/armor_detector/lib:/home/mechax/ws_livox/install/livox_ros2_driver/lib:/home/mechax/ws_livox/install/livox_interfaces/lib:/usr/lib/x86_64-linux-gnu/gazebo-11/plugins:/opt/ros/humble/opt/rviz_ogre_vendor/lib:/opt/ros/humble/lib/x86_64-linux-gnu:/opt/ros/humble/lib /usr/bin/cmake --build /home/mechax/zyb/mechax_cv_trajectory/build/armor_tracker -- -j16 -l16
[0.157s] [35m[1mConsolidate compiler generated dependencies of target armor_tracker[0m
[0.164s] [ 33%] Built target armor_tracker_node
[0.178s] [ 50%] [32mBuilding CXX object CMakeFiles/armor_tracker.dir/src/tracker_node.cpp.o[0m
[2.222s] [01m[K/home/mechax/zyb/mechax_cv_trajectory/src/rm_auto_aim/armor_tracker/src/tracker_node.cpp:[m[K In constructor â€˜[01m[Krm_auto_aim::ArmorTrackerNode::ArmorTrackerNode(const rclcpp::NodeOptions&)[m[Kâ€™:
[2.222s] [01m[K/home/mechax/zyb/mechax_cv_trajectory/src/rm_auto_aim/armor_tracker/src/tracker_node.cpp:147:97:[m[K [01;31m[Kerror: [m[Kno matching function for call to â€˜[01m[Ktf2_ros::MessageFilter<geometry_msgs::msg::PointStamped_<std::allocator<void> > >::MessageFilter(message_filters::Subscriber<geometry_msgs::msg::PoseStamped_<std::allocator<void> > >&, std::__shared_ptr_access<tf2_ros::Buffer, __gnu_cxx::_S_atomic, false, false>::element_type&, std::string&, int, rm_auto_aim::ArmorTrackerNode*, std::chrono::duration<int>)[m[Kâ€™
[2.222s]   147 |     needpose_sub_, *tf2_buffer_, needpose_target_frame_, 10, this, std::chrono::duration<int>(1)[01;31m[K)[m[K;
[2.222s]       |                                                                                                 [01;31m[K^[m[K
[2.222s] In file included from [01m[K/home/mechax/zyb/mechax_cv_trajectory/src/rm_auto_aim/armor_tracker/include/armor_tracker/tracker_node.hpp:10[m[K,
[2.222s]                  from [01m[K/home/mechax/zyb/mechax_cv_trajectory/src/rm_auto_aim/armor_tracker/src/tracker_node.cpp:2[m[K:
[2.222s] [01m[K/opt/ros/humble/include/tf2_ros/tf2_ros/message_filter.h:241:3:[m[K [01;36m[Knote: [m[Kcandidate: â€˜[01m[Ktemplate<class F, class TimeRepT, class TimeT> tf2_ros::MessageFilter<M, BufferT>::MessageFilter(F&, BufferT&, const string&, uint32_t, const SharedPtr&, const SharedPtr&, std::chrono::duration<TimeRepT, TimeT>) [with F = F; TimeRepT = TimeRepT; TimeT = TimeT; M = geometry_msgs::msg::PointStamped_<std::allocator<void> >; BufferT = tf2_ros::Buffer][m[Kâ€™
[2.222s]   241 |   [01;36m[KMessageFilter[m[K(
[2.222s]       |   [01;36m[K^~~~~~~~~~~~~[m[K
[2.222s] [01m[K/opt/ros/humble/include/tf2_ros/tf2_ros/message_filter.h:241:3:[m[K [01;36m[Knote: [m[K  template argument deduction/substitution failed:
[2.222s] [01m[K/home/mechax/zyb/mechax_cv_trajectory/src/rm_auto_aim/armor_tracker/src/tracker_node.cpp:147:62:[m[K [01;36m[Knote: [m[K  cannot convert â€˜[01m[K(rm_auto_aim::ArmorTrackerNode*)this[m[Kâ€™ (type â€˜[01m[Krm_auto_aim::ArmorTrackerNode*[m[Kâ€™) to type â€˜[01m[Kconst SharedPtr&[m[Kâ€™ {aka â€˜[01m[Kconst std::shared_ptr<rclcpp::node_interfaces::NodeLoggingInterface>&[m[Kâ€™}
[2.222s]   147 |     needpose_sub_, *tf2_buffer_, needpose_target_frame_, 10, [01;36m[Kthis[m[K, std::chrono::duration<int>(1));
[2.222s]       |                                                              [01;36m[K^~~~[m[K
[2.223s] In file included from [01m[K/home/mechax/zyb/mechax_cv_trajectory/src/rm_auto_aim/armor_tracker/include/armor_tracker/tracker_node.hpp:10[m[K,
[2.223s]                  from [01m[K/home/mechax/zyb/mechax_cv_trajectory/src/rm_auto_aim/armor_tracker/src/tracker_node.cpp:2[m[K:
[2.223s] [01m[K/opt/ros/humble/include/tf2_ros/tf2_ros/message_filter.h:219:3:[m[K [01;36m[Knote: [m[Kcandidate: â€˜[01m[Ktemplate<class F, class TimeRepT, class TimeT> tf2_ros::MessageFilter<M, BufferT>::MessageFilter(F&, BufferT&, const string&, uint32_t, const SharedPtr&, std::chrono::duration<TimeRepT, TimeT>) [with F = F; TimeRepT = TimeRepT; TimeT = TimeT; M = geometry_msgs::msg::PointStamped_<std::allocator<void> >; BufferT = tf2_ros::Buffer][m[Kâ€™
[2.223s]   219 |   [01;36m[KMessageFilter[m[K(
[2.223s]       |   [01;36m[K^~~~~~~~~~~~~[m[K
[2.223s] [01m[K/opt/ros/humble/include/tf2_ros/tf2_ros/message_filter.h:219:3:[m[K [01;36m[Knote: [m[K  template argument deduction/substitution failed:
[2.223s] [01m[K/home/mechax/zyb/mechax_cv_trajectory/src/rm_auto_aim/armor_tracker/src/tracker_node.cpp:147:62:[m[K [01;36m[Knote: [m[K  cannot convert â€˜[01m[K(rm_auto_aim::ArmorTrackerNode*)this[m[Kâ€™ (type â€˜[01m[Krm_auto_aim::ArmorTrackerNode*[m[Kâ€™) to type â€˜[01m[Kconst SharedPtr&[m[Kâ€™ {aka â€˜[01m[Kconst std::shared_ptr<rclcpp::Node>&[m[Kâ€™}
[2.223s]   147 |     needpose_sub_, *tf2_buffer_, needpose_target_frame_, 10, [01;36m[Kthis[m[K, std::chrono::duration<int>(1));
[2.223s]       |                                                              [01;36m[K^~~~[m[K
[2.223s] In file included from [01m[K/home/mechax/zyb/mechax_cv_trajectory/src/rm_auto_aim/armor_tracker/include/armor_tracker/tracker_node.hpp:10[m[K,
[2.223s]                  from [01m[K/home/mechax/zyb/mechax_cv_trajectory/src/rm_auto_aim/armor_tracker/src/tracker_node.cpp:2[m[K:
[2.223s] [01m[K/opt/ros/humble/include/tf2_ros/tf2_ros/message_filter.h:192:3:[m[K [01;36m[Knote: [m[Kcandidate: â€˜[01m[Ktemplate<class TimeRepT, class TimeT> tf2_ros::MessageFilter<M, BufferT>::MessageFilter(BufferT&, const string&, uint32_t, const SharedPtr&, const SharedPtr&, std::chrono::duration<_Rep, _Period>) [with TimeRepT = TimeRepT; TimeT = TimeT; M = geometry_msgs::msg::PointStamped_<std::allocator<void> >; BufferT = tf2_ros::Buffer][m[Kâ€™
[2.223s]   192 |   [01;36m[KMessageFilter[m[K(
[2.223s]       |   [01;36m[K^~~~~~~~~~~~~[m[K
[2.223s] [01m[K/opt/ros/humble/include/tf2_ros/tf2_ros/message_filter.h:192:3:[m[K [01;36m[Knote: [m[K  template argument deduction/substitution failed:
[2.223s] [01m[K/home/mechax/zyb/mechax_cv_trajectory/src/rm_auto_aim/armor_tracker/src/tracker_node.cpp:147:5:[m[K [01;36m[Knote: [m[K  cannot convert â€˜[01m[K((rm_auto_aim::ArmorTrackerNode*)this)->rm_auto_aim::ArmorTrackerNode::needpose_sub_[m[Kâ€™ (type â€˜[01m[Kmessage_filters::Subscriber<geometry_msgs::msg::PoseStamped_<std::allocator<void> > >[m[Kâ€™) to type â€˜[01m[Ktf2_ros::Buffer&[m[Kâ€™
[2.223s]   147 |     [01;36m[Kneedpose_sub_[m[K, *tf2_buffer_, needpose_target_frame_, 10, this, std::chrono::duration<int>(1));
[2.223s]       |     [01;36m[K^~~~~~~~~~~~~[m[K
[2.223s] In file included from [01m[K/home/mechax/zyb/mechax_cv_trajectory/src/rm_auto_aim/armor_tracker/include/armor_tracker/tracker_node.hpp:10[m[K,
[2.223s]                  from [01m[K/home/mechax/zyb/mechax_cv_trajectory/src/rm_auto_aim/armor_tracker/src/tracker_node.cpp:2[m[K:
[2.223s] [01m[K/opt/ros/humble/include/tf2_ros/tf2_ros/message_filter.h:165:3:[m[K [01;36m[Knote: [m[Kcandidate: â€˜[01m[Ktemplate<class TimeRepT, class TimeT> tf2_ros::MessageFilter<M, BufferT>::MessageFilter(BufferT&, const string&, uint32_t, const SharedPtr&, std::chrono::duration<_Rep, _Period>) [with TimeRepT = TimeRepT; TimeT = TimeT; M = geometry_msgs::msg::PointStamped_<std::allocator<void> >; BufferT = tf2_ros::Buffer][m[Kâ€™
[2.223s]   165 |   [01;36m[KMessageFilter[m[K(
[2.223s]       |   [01;36m[K^~~~~~~~~~~~~[m[K
[2.223s] [01m[K/opt/ros/humble/include/tf2_ros/tf2_ros/message_filter.h:165:3:[m[K [01;36m[Knote: [m[K  template argument deduction/substitution failed:
[2.223s] [01m[K/home/mechax/zyb/mechax_cv_trajectory/src/rm_auto_aim/armor_tracker/src/tracker_node.cpp:147:97:[m[K [01;36m[Knote: [m[K  mismatched types â€˜[01m[Kstd::chrono::duration<_Rep1, _Period1>[m[Kâ€™ and â€˜[01m[Krm_auto_aim::ArmorTrackerNode*[m[Kâ€™
[2.223s]   147 |     needpose_sub_, *tf2_buffer_, needpose_target_frame_, 10, this, std::chrono::duration<int>(1)[01;36m[K)[m[K;
[2.223s]       |                                                                                                 [01;36m[K^[m[K
[2.223s] [01m[K/home/mechax/zyb/mechax_cv_trajectory/src/rm_auto_aim/armor_tracker/src/tracker_node.cpp:146:31:[m[K [01;31m[Kerror: [m[Kparse error in template argument list
[2.223s]   146 |   needpose_tf2_filter_ = std::[01;31m[Kmake_shared<tf2_ros::MessageFilter<geometry_msgs::msg::PointStamped>([m[K
[2.223s]       |                               [01;31m[K^~~~~~~~~~~~~~~~~~~~~~~~~~~~~~~~~~~~~~~~~~~~~~~~~~~~~~~~~~~~~~~~~~~~~[m[K
[2.223s]   147 | [01;31m[K    needpose_sub_, *tf2_buffer_, needpose_target_frame_, 10, this, std::chrono::duration<int>(1))[m[K;
[2.223s]       |     [01;31m[K~~~~~~~~~~~~~~~~~~~~~~~~~~~~~~~~~~~~~~~~~~~~~~~~~~~~~~~~~~~~~~~~~~~~~~~~~~~~~~~~~~~~~~~~~~~~~[m[K
[2.223s] [01m[K/home/mechax/zyb/mechax_cv_trajectory/src/rm_auto_aim/armor_tracker/src/tracker_node.cpp:146:31:[m[K [01;31m[Kerror: [m[Kno match for â€˜[01m[Koperator=[m[Kâ€™ (operand types are â€˜[01m[Kstd::shared_ptr<tf2_ros::MessageFilter<auto_aim_interfaces::msg::Armors_<std::allocator<void> > > >[m[Kâ€™ and â€˜[01m[K<unresolved overloaded function type>[m[Kâ€™)
[2.223s] In file included from [01m[K/usr/include/c++/11/memory:77[m[K,
[2.224s]                  from [01m[K/opt/ros/humble/include/rclcpp/rclcpp/rclcpp.hpp:153[m[K,
[2.224s]                  from [01m[K/opt/ros/humble/include/message_filters/message_filters/subscriber.h:40[m[K,
[2.224s]                  from [01m[K/home/mechax/zyb/mechax_cv_trajectory/src/rm_auto_aim/armor_tracker/include/armor_tracker/tracker_node.hpp:7[m[K,
[2.224s]                  from [01m[K/home/mechax/zyb/mechax_cv_trajectory/src/rm_auto_aim/armor_tracker/src/tracker_node.cpp:2[m[K:
[2.224s] [01m[K/usr/include/c++/11/bits/shared_ptr.h:363:9:[m[K [01;36m[Knote: [m[Kcandidate: â€˜[01m[Ktemplate<class _Yp> std::shared_ptr<_Tp>::_Assignable<const std::shared_ptr<_Yp>&> std::shared_ptr<_Tp>::operator=(const std::shared_ptr<_Yp>&) [with _Yp = _Yp; _Tp = tf2_ros::MessageFilter<auto_aim_interfaces::msg::Armors_<std::allocator<void> > >][m[Kâ€™
[2.224s]   363 |         [01;36m[Koperator[m[K=(const shared_ptr<_Yp>& __r) noexcept
[2.224s]       |         [01;36m[K^~~~~~~~[m[K
[2.224s] [01m[K/usr/include/c++/11/bits/shared_ptr.h:363:9:[m[K [01;36m[Knote: [m[K  template argument deduction/substitution failed:
[2.224s] [01m[K/home/mechax/zyb/mechax_cv_trajectory/src/rm_auto_aim/armor_tracker/src/tracker_node.cpp:146:31:[m[K [01;36m[Knote: [m[K  couldnâ€™t deduce template parameter â€˜[01m[K_Yp[m[Kâ€™
[2.224s]   146 |   needpose_tf2_filter_ = std::[01;36m[Kmake_shared<tf2_ros::MessageFilter<geometry_msgs::msg::PointStamped>([m[K
[2.224s]       |                               [01;36m[K^~~~~~~~~~~~~~~~~~~~~~~~~~~~~~~~~~~~~~~~~~~~~~~~~~~~~~~~~~~~~~~~~~~~~[m[K
[2.224s]   147 | [01;36m[K    needpose_sub_, *tf2_buffer_, needpose_target_frame_, 10, this, std::chrono::duration<int>(1))[m[K;
[2.224s]       |     [01;36m[K~~~~~~~~~~~~~~~~~~~~~~~~~~~~~~~~~~~~~~~~~~~~~~~~~~~~~~~~~~~~~~~~~~~~~~~~~~~~~~~~~~~~~~~~~~~~~[m[K
[2.224s] In file included from [01m[K/usr/include/c++/11/memory:77[m[K,
[2.224s]                  from [01m[K/opt/ros/humble/include/rclcpp/rclcpp/rclcpp.hpp:153[m[K,
[2.224s]                  from [01m[K/opt/ros/humble/include/message_filters/message_filters/subscriber.h:40[m[K,
[2.224s]                  from [01m[K/home/mechax/zyb/mechax_cv_trajectory/src/rm_auto_aim/armor_tracker/include/armor_tracker/tracker_node.hpp:7[m[K,
[2.224s]                  from [01m[K/home/mechax/zyb/mechax_cv_trajectory/src/rm_auto_aim/armor_tracker/src/tracker_node.cpp:2[m[K:
[2.224s] [01m[K/usr/include/c++/11/bits/shared_ptr.h:374:9:[m[K [01;36m[Knote: [m[Kcandidate: â€˜[01m[Ktemplate<class _Yp> std::shared_ptr<_Tp>::_Assignable<std::auto_ptr<_Up> > std::shared_ptr<_Tp>::operator=(std::auto_ptr<_Up>&&) [with _Yp = _Yp; _Tp = tf2_ros::MessageFilter<auto_aim_interfaces::msg::Armors_<std::allocator<void> > >][m[Kâ€™
[2.224s]   374 |         [01;36m[Koperator[m[K=(auto_ptr<_Yp>&& __r)
[2.224s]       |         [01;36m[K^~~~~~~~[m[K
[2.224s] [01m[K/usr/include/c++/11/bits/shared_ptr.h:374:9:[m[K [01;36m[Knote: [m[K  template argument deduction/substitution failed:
[2.224s] [01m[K/home/mechax/zyb/mechax_cv_trajectory/src/rm_auto_aim/armor_tracker/src/tracker_node.cpp:146:31:[m[K [01;36m[Knote: [m[K  couldnâ€™t deduce template parameter â€˜[01m[K_Yp[m[Kâ€™
[2.224s]   146 |   needpose_tf2_filter_ = std::[01;36m[Kmake_shared<tf2_ros::MessageFilter<geometry_msgs::msg::PointStamped>([m[K
[2.224s]       |                               [01;36m[K^~~~~~~~~~~~~~~~~~~~~~~~~~~~~~~~~~~~~~~~~~~~~~~~~~~~~~~~~~~~~~~~~~~~~[m[K
[2.224s]   147 | [01;36m[K    needpose_sub_, *tf2_buffer_, needpose_target_frame_, 10, this, std::chrono::duration<int>(1))[m[K;
[2.224s]       |     [01;36m[K~~~~~~~~~~~~~~~~~~~~~~~~~~~~~~~~~~~~~~~~~~~~~~~~~~~~~~~~~~~~~~~~~~~~~~~~~~~~~~~~~~~~~~~~~~~~~[m[K
[2.224s] In file included from [01m[K/usr/include/c++/11/memory:77[m[K,
[2.224s]                  from [01m[K/opt/ros/humble/include/rclcpp/rclcpp/rclcpp.hpp:153[m[K,
[2.224s]                  from [01m[K/opt/ros/humble/include/message_filters/message_filters/subscriber.h:40[m[K,
[2.224s]                  from [01m[K/home/mechax/zyb/mechax_cv_trajectory/src/rm_auto_aim/armor_tracker/include/armor_tracker/tracker_node.hpp:7[m[K,
[2.224s]                  from [01m[K/home/mechax/zyb/mechax_cv_trajectory/src/rm_auto_aim/armor_tracker/src/tracker_node.cpp:2[m[K:
[2.224s] [01m[K/usr/include/c++/11/bits/shared_ptr.h:391:9:[m[K [01;36m[Knote: [m[Kcandidate: â€˜[01m[Ktemplate<class _Yp> std::shared_ptr<_Tp>::_Assignable<std::shared_ptr<_Yp> > std::shared_ptr<_Tp>::operator=(std::shared_ptr<_Yp>&&) [with _Yp = _Yp; _Tp = tf2_ros::MessageFilter<auto_aim_interfaces::msg::Armors_<std::allocator<void> > >][m[Kâ€™
[2.224s]   391 |         [01;36m[Koperator[m[K=(shared_ptr<_Yp>&& __r) noexcept
[2.224s]       |         [01;36m[K^~~~~~~~[m[K
[2.224s] [01m[K/usr/include/c++/11/bits/shared_ptr.h:391:9:[m[K [01;36m[Knote: [m[K  template argument deduction/substitution failed:
[2.224s] [01m[K/home/mechax/zyb/mechax_cv_trajectory/src/rm_auto_aim/armor_tracker/src/tracker_node.cpp:146:31:[m[K [01;36m[Knote: [m[K  couldnâ€™t deduce template parameter â€˜[01m[K_Yp[m[Kâ€™
[2.224s]   146 |   needpose_tf2_filter_ = std::[01;36m[Kmake_shared<tf2_ros::MessageFilter<geometry_msgs::msg::PointStamped>([m[K
[2.224s]       |                               [01;36m[K^~~~~~~~~~~~~~~~~~~~~~~~~~~~~~~~~~~~~~~~~~~~~~~~~~~~~~~~~~~~~~~~~~~~~[m[K
[2.224s]   147 | [01;36m[K    needpose_sub_, *tf2_buffer_, needpose_target_frame_, 10, this, std::chrono::duration<int>(1))[m[K;
[2.225s]       |     [01;36m[K~~~~~~~~~~~~~~~~~~~~~~~~~~~~~~~~~~~~~~~~~~~~~~~~~~~~~~~~~~~~~~~~~~~~~~~~~~~~~~~~~~~~~~~~~~~~~[m[K
[2.225s] In file included from [01m[K/usr/include/c++/11/memory:77[m[K,
[2.225s]                  from [01m[K/opt/ros/humble/include/rclcpp/rclcpp/rclcpp.hpp:153[m[K,
[2.225s]                  from [01m[K/opt/ros/humble/include/message_filters/message_filters/subscriber.h:40[m[K,
[2.225s]                  from [01m[K/home/mechax/zyb/mechax_cv_trajectory/src/rm_auto_aim/armor_tracker/include/armor_tracker/tracker_node.hpp:7[m[K,
[2.225s]                  from [01m[K/home/mechax/zyb/mechax_cv_trajectory/src/rm_auto_aim/armor_tracker/src/tracker_node.cpp:2[m[K:
[2.225s] [01m[K/usr/include/c++/11/bits/shared_ptr.h:399:9:[m[K [01;36m[Knote: [m[Kcandidate: â€˜[01m[Ktemplate<class _Yp, class _Del> std::shared_ptr<_Tp>::_Assignable<std::unique_ptr<_Up, _Ep> > std::shared_ptr<_Tp>::operator=(std::unique_ptr<_Up, _Ep>&&) [with _Yp = _Yp; _Del = _Del; _Tp = tf2_ros::MessageFilter<auto_aim_interfaces::msg::Armors_<std::allocator<void> > >][m[Kâ€™
[2.225s]   399 |         [01;36m[Koperator[m[K=(unique_ptr<_Yp, _Del>&& __r)
[2.225s]       |         [01;36m[K^~~~~~~~[m[K
[2.225s] [01m[K/usr/include/c++/11/bits/shared_ptr.h:399:9:[m[K [01;36m[Knote: [m[K  template argument deduction/substitution failed:
[2.225s] [01m[K/home/mechax/zyb/mechax_cv_trajectory/src/rm_auto_aim/armor_tracker/src/tracker_node.cpp:146:31:[m[K [01;36m[Knote: [m[K  couldnâ€™t deduce template parameter â€˜[01m[K_Yp[m[Kâ€™
[2.225s]   146 |   needpose_tf2_filter_ = std::[01;36m[Kmake_shared<tf2_ros::MessageFilter<geometry_msgs::msg::PointStamped>([m[K
[2.225s]       |                               [01;36m[K^~~~~~~~~~~~~~~~~~~~~~~~~~~~~~~~~~~~~~~~~~~~~~~~~~~~~~~~~~~~~~~~~~~~~[m[K
[2.225s]   147 | [01;36m[K    needpose_sub_, *tf2_buffer_, needpose_target_frame_, 10, this, std::chrono::duration<int>(1))[m[K;
[2.225s]       |     [01;36m[K~~~~~~~~~~~~~~~~~~~~~~~~~~~~~~~~~~~~~~~~~~~~~~~~~~~~~~~~~~~~~~~~~~~~~~~~~~~~~~~~~~~~~~~~~~~~~[m[K
[2.225s] In file included from [01m[K/usr/include/c++/11/memory:77[m[K,
[2.225s]                  from [01m[K/opt/ros/humble/include/rclcpp/rclcpp/rclcpp.hpp:153[m[K,
[2.225s]                  from [01m[K/opt/ros/humble/include/message_filters/message_filters/subscriber.h:40[m[K,
[2.225s]                  from [01m[K/home/mechax/zyb/mechax_cv_trajectory/src/rm_auto_aim/armor_tracker/include/armor_tracker/tracker_node.hpp:7[m[K,
[2.225s]                  from [01m[K/home/mechax/zyb/mechax_cv_trajectory/src/rm_auto_aim/armor_tracker/src/tracker_node.cpp:2[m[K:
[2.225s] [01m[K/usr/include/c++/11/bits/shared_ptr.h:359:19:[m[K [01;36m[Knote: [m[Kcandidate: â€˜[01m[Kstd::shared_ptr<_Tp>& std::shared_ptr<_Tp>::operator=(const std::shared_ptr<_Tp>&) [with _Tp = tf2_ros::MessageFilter<auto_aim_interfaces::msg::Armors_<std::allocator<void> > >][m[Kâ€™
[2.225s]   359 |       shared_ptr& [01;36m[Koperator[m[K=(const shared_ptr&) noexcept = default;
[2.225s]       |                   [01;36m[K^~~~~~~~[m[K
[2.225s] [01m[K/usr/include/c++/11/bits/shared_ptr.h:359:29:[m[K [01;36m[Knote: [m[K  no known conversion for argument 1 from â€˜[01m[K<unresolved overloaded function type>[m[Kâ€™ to â€˜[01m[Kconst std::shared_ptr<tf2_ros::MessageFilter<auto_aim_interfaces::msg::Armors_<std::allocator<void> > > >&[m[Kâ€™
[2.225s]   359 |       shared_ptr& operator=([01;36m[Kconst shared_ptr&[m[K) noexcept = default;
[2.225s]       |                             [01;36m[K^~~~~~~~~~~~~~~~~[m[K
[2.225s] [01m[K/usr/include/c++/11/bits/shared_ptr.h:383:7:[m[K [01;36m[Knote: [m[Kcandidate: â€˜[01m[Kstd::shared_ptr<_Tp>& std::shared_ptr<_Tp>::operator=(std::shared_ptr<_Tp>&&) [with _Tp = tf2_ros::MessageFilter<auto_aim_interfaces::msg::Armors_<std::allocator<void> > >][m[Kâ€™
[2.225s]   383 |       [01;36m[Koperator[m[K=(shared_ptr&& __r) noexcept
[2.225s]       |       [01;36m[K^~~~~~~~[m[K
[2.225s] [01m[K/usr/include/c++/11/bits/shared_ptr.h:383:30:[m[K [01;36m[Knote: [m[K  no known conversion for argument 1 from â€˜[01m[K<unresolved overloaded function type>[m[Kâ€™ to â€˜[01m[Kstd::shared_ptr<tf2_ros::MessageFilter<auto_aim_interfaces::msg::Armors_<std::allocator<void> > > >&&[m[Kâ€™
[2.225s]   383 |       operator=([01;36m[Kshared_ptr&& __r[m[K) noexcept
[2.225s]       |                 [01;36m[K~~~~~~~~~~~~~^~~[m[K
[5.563s] gmake[2]: *** [CMakeFiles/armor_tracker.dir/build.make:104: CMakeFiles/armor_tracker.dir/src/tracker_node.cpp.o] Error 1
[5.563s] gmake[1]: *** [CMakeFiles/Makefile2:139: CMakeFiles/armor_tracker.dir/all] Error 2
[5.563s] gmake: *** [Makefile:146: all] Error 2
[5.565s] Invoked command in '/home/mechax/zyb/mechax_cv_trajectory/build/armor_tracker' returned '2': CMAKE_PREFIX_PATH=/home/mechax/zyb/mechax_cv_trajectory/install/auto_aim_interfaces:/home/mechax/zyb/mechax_cv_trajectory/install/rm_vision_bringup:/home/mechax/zyb/mechax_cv_trajectory/install/rm_serial_driver:/home/mechax/zyb/mechax_cv_trajectory/install/rm_gimbal_description:/home/mechax/zyb/mechax_cv_trajectory/install/rm_auto_aim:/home/mechax/zyb/mechax_cv_trajectory/install/mindvision_camera:/home/mechax/zyb/mechax_cv_trajectory/install/mechax_trajectory:/home/mechax/zyb/mechax_cv_trajectory/install/armor_tracker:/home/mechax/zyb/mechax_cv_trajectory/install/armor_detector:/home/mechax/ws_livox/install/livox_ros2_driver:/home/mechax/ws_livox/install/livox_sdk_vendor:/home/mechax/ws_livox/install/livox_interfaces:/home/mechax/zyb/mechax_cv_trajectory/install/my_package:/opt/ros/humble LD_LIBRARY_PATH=/home/mechax/zyb/mechax_cv_trajectory/install/auto_aim_interfaces/lib:/home/mechax/zyb/mechax_cv_trajectory/install/rm_serial_driver/lib:/home/mechax/zyb/mechax_cv_trajectory/install/mindvision_camera/lib:/home/mechax/zyb/mechax_cv_trajectory/install/armor_tracker/lib:/home/mechax/zyb/mechax_cv_trajectory/install/armor_detector/lib:/home/mechax/ws_livox/install/livox_ros2_driver/lib:/home/mechax/ws_livox/install/livox_interfaces/lib:/usr/lib/x86_64-linux-gnu/gazebo-11/plugins:/opt/ros/humble/opt/rviz_ogre_vendor/lib:/opt/ros/humble/lib/x86_64-linux-gnu:/opt/ros/humble/lib /usr/bin/cmake --build /home/mechax/zyb/mechax_cv_trajectory/build/armor_tracker -- -j16 -l16
