/usr/bin/ld: warning: libopencv_core.so.4.5d, needed by /opt/ros/humble/lib/libcv_bridge.so, may conflict with libopencv_core.so.408
In file included from [01m[K/home/mechax/zyb/mechax_cv_trajectory/src/rm_auto_aim/armor_detector/test/test_node_startup.cpp:12[m[K:
[01m[K/home/mechax/zyb/mechax_cv_trajectory/src/rm_auto_aim/armor_detector/include/armor_detector/detector_node.hpp:37:51:[m[K [01;31m[Kerror: [m[Kâ€˜[01m[KPoseStamped[m[Kâ€™ in namespace â€˜[01m[Kgeometry_msgs::msg[m[Kâ€™ does not name a type
   37 |   void needposeCallback(const geometry_msgs::msg::[01;31m[KPoseStamped[m[K::SharedPtr needpose_ptr);
      |                                                   [01;31m[K^~~~~~~~~~~[m[K
[01m[K/home/mechax/zyb/mechax_cv_trajectory/src/rm_auto_aim/armor_detector/include/armor_detector/detector_node.hpp:37:74:[m[K [01;31m[Kerror: [m[Kexpected unqualified-id before â€˜[01m[Kneedpose_ptr[m[Kâ€™
   37 |   void needposeCallback(const geometry_msgs::msg::PoseStamped::SharedPtr [01;31m[Kneedpose_ptr[m[K);
      |                                                                          [01;31m[K^~~~~~~~~~~~[m[K
[01m[K/home/mechax/zyb/mechax_cv_trajectory/src/rm_auto_aim/armor_detector/include/armor_detector/detector_node.hpp:37:73:[m[K [01;31m[Kerror: [m[Kexpected â€˜[01m[K)[m[Kâ€™ before â€˜[01m[Kneedpose_ptr[m[Kâ€™
   37 |   void needposeCallback[34m[K([m[Kconst geometry_msgs::msg::PoseStamped::SharedPtr[01;31m[K [m[K[32m[Kneedpose_ptr[m[K);
      |                        [34m[K~[m[K                                                [01;31m[K^[m[K[32m[K~~~~~~~~~~~~[m[K
      |                                                                         [32m[K)[m[K
[01m[K/home/mechax/zyb/mechax_cv_trajectory/src/rm_auto_aim/armor_detector/include/armor_detector/detector_node.hpp:37:64:[m[K [01;31m[Kerror: [m[Kexpected â€˜[01m[K;[m[Kâ€™ at end of member declaration
   37 |   void needposeCallback(const geometry_msgs::msg::PoseStamped::[01;31m[KSharedPtr[m[K needpose_ptr);
      |                                                                [01;31m[K^~~~~~~~~[m[K
      |                                                                         [32m[K;[m[K
[01m[K/home/mechax/zyb/mechax_cv_trajectory/src/rm_auto_aim/armor_detector/include/armor_detector/detector_node.hpp:37:74:[m[K [01;31m[Kerror: [m[Kâ€˜[01m[Kneedpose_ptr[m[Kâ€™ does not name a type
   37 |   void needposeCallback(const geometry_msgs::msg::PoseStamped::SharedPtr [01;31m[Kneedpose_ptr[m[K);
      |                                                                          [01;31m[K^~~~~~~~~~~~[m[K
[01m[K/home/mechax/zyb/mechax_cv_trajectory/src/rm_auto_aim/armor_detector/include/armor_detector/detector_node.hpp:70:44:[m[K [01;31m[Kerror: [m[Kâ€˜[01m[KPoseStamped[m[Kâ€™ is not a member of â€˜[01m[Kgeometry_msgs::msg[m[Kâ€™
   70 |   rclcpp::Subscription<geometry_msgs::msg::[01;31m[KPoseStamped[m[K>::SharedPtr needpose_sub_;
      |                                            [01;31m[K^~~~~~~~~~~[m[K
[01m[K/home/mechax/zyb/mechax_cv_trajectory/src/rm_auto_aim/armor_detector/include/armor_detector/detector_node.hpp:70:55:[m[K [01;31m[Kerror: [m[Ktemplate argument 1 is invalid
   70 |   rclcpp::Subscription<geometry_msgs::msg::PoseStamped[01;31m[K>[m[K::SharedPtr needpose_sub_;
      |                                                       [01;31m[K^[m[K
[01m[K/home/mechax/zyb/mechax_cv_trajectory/src/rm_auto_aim/armor_detector/include/armor_detector/detector_node.hpp:70:55:[m[K [01;31m[Kerror: [m[Ktemplate argument 3 is invalid
[01m[K/home/mechax/zyb/mechax_cv_trajectory/src/rm_auto_aim/armor_detector/include/armor_detector/detector_node.hpp:70:55:[m[K [01;31m[Kerror: [m[Ktemplate argument 4 is invalid
[01m[K/home/mechax/zyb/mechax_cv_trajectory/src/rm_auto_aim/armor_detector/include/armor_detector/detector_node.hpp:70:55:[m[K [01;31m[Kerror: [m[Ktemplate argument 5 is invalid
[01m[K/home/mechax/zyb/mechax_cv_trajectory/src/rm_auto_aim/armor_detector/include/armor_detector/detector_node.hpp:70:58:[m[K [01;31m[Kerror: [m[Kexpected â€˜[01m[K;[m[Kâ€™ at end of member declaration
   70 |   rclcpp::Subscription<geometry_msgs::msg::PoseStamped>::[01;31m[KSharedPtr[m[K needpose_sub_;
      |                                                          [01;31m[K^~~~~~~~~[m[K
      |                                                                   [32m[K;[m[K
[01m[K/home/mechax/zyb/mechax_cv_trajectory/src/rm_auto_aim/armor_detector/include/armor_detector/detector_node.hpp:70:68:[m[K [01;31m[Kerror: [m[Kâ€˜[01m[Kneedpose_sub_[m[Kâ€™ does not name a type
   70 |   rclcpp::Subscription<geometry_msgs::msg::PoseStamped>::SharedPtr [01;31m[Kneedpose_sub_[m[K;
      |                                                                    [01;31m[K^~~~~~~~~~~~~[m[K
gmake[2]: *** [CMakeFiles/test_node_startup.dir/build.make:76: CMakeFiles/test_node_startup.dir/test/test_node_startup.cpp.o] Error 1
gmake[1]: *** [CMakeFiles/Makefile2:215: CMakeFiles/test_node_startup.dir/all] Error 2
gmake: *** [Makefile:146: all] Error 2
